#
# A fatal error has been detected by the Java Runtime Environment:
#
#  SIGSEGV (0xb) at pc=0x00007fff89e9e0dd, pid=41940, tid=1811
#
# JRE version: Java(TM) SE Runtime Environment (8.0_40-b25) (build 1.8.0_40-b25)
# Java VM: Java HotSpot(TM) 64-Bit Server VM (25.40-b25 mixed mode bsd-amd64 compressed oops)
# Problematic frame:
# C  [libobjc.A.dylib+0x10dd]  objc_msgSend+0x1d
#
# Failed to write core dump. Core dumps have been disabled. To enable core dumping, try "ulimit -c unlimited" before starting Java again
#
# If you would like to submit a bug report, please visit:
#   http://bugreport.java.com/bugreport/crash.jsp
# The crash happened outside the Java Virtual Machine in native code.
# See problematic frame for where to report the bug.
#

---------------  T H R E A D  ---------------

Current thread (0x00007f8ef989a800):  JavaThread "AppKit Thread" daemon [_thread_in_native, id=1811, stack(0x00007fff5a2be000,0x00007fff5aabe000)]

siginfo: si_signo: 11 (SIGSEGV), si_code: 1 (SEGV_MAPERR), si_addr: 0x000007f8ef847bb8

Registers:
RAX=0x00007f8ef847b9f0, RBX=0x00007fff5aab9818, RCX=0x0000000000000000, RDX=0x00007f8ef8479740
RSP=0x00007fff5aab9638, RBP=0x00007fff5aab9640, RSI=0x00007fff8326141e, RDI=0x00007f8ef847b9f0
R8 =0x00007fff5aab9620, R9 =0x0000000000000057, R10=0x00007fff8326141e, R11=0x000007f8ef847ba0
R12=0x00007f8ef860e2e0, R13=0x00000000000f42f1, R14=0x00007f8ef8678c50, R15=0x00007fff5aab9778
RIP=0x00007fff89e9e0dd, EFLAGS=0x0000000000010206, ERR=0x0000000000000004
  TRAPNO=0x000000000000000e

Top of Stack: (sp=0x00007fff5aab9638)
0x00007fff5aab9638:   00007fff8cb5745c 00007fff5aab99a0
0x00007fff5aab9648:   00007fff8ca47634 00007fff5aab96cc
0x00007fff5aab9658:   00007fff5aab96d0 00007fff5aab96d4
0x00007fff5aab9668:   00007fff7134ce00 ffffffffffffffff
0x00007fff5aab9678:   0000000000000828 00007fff7134ce18
0x00007fff5aab9688:   00007f8ef8678c50 0000000000000000
0x00007fff5aab9698:   00007fff5aab9770 0000000000000000
0x00007fff5aab96a8:   00007f8ef86c1ed0 00007fff5aab97f0
0x00007fff5aab96b8:   0000000000000057 00000000000f42f3
0x00007fff5aab96c8:   00007f8ef8479740 00007f8ef8679ba0
0x00007fff5aab96d8:   00007f8ef860e2e0 0000000000000001
0x00007fff5aab96e8:   00000000000f42f1 00007f8ef860e2d0
0x00007fff5aab96f8:   00007fff87544c05 00000001f8490b10
0x00007fff5aab9708:   00007fff709a30d0 0000000042000000
0x00007fff5aab9718:   00007fff8754be63 00007fff71317240
0x00007fff5aab9728:   00007fff5aab97f8 00007fff5aab9750
0x00007fff5aab9738:   00007fff5aab9770 0000000000000000
0x00007fff5aab9748:   0000000000000023 00024303f84929d5
0x00007fff5aab9758:   00007f8ef860e304 0000000000000000
0x00007fff5aab9768:   0000000000000000 00007f8ef86c1f50
0x00007fff5aab9778:   00007f8ef8678c50 0000002000000000
0x00007fff5aab9788:   0000000000000000 00007fff709a30d0
0x00007fff5aab9798:   0000000042000000 00007fff8754b4f8
0x00007fff5aab97a8:   00007fff71317350 00007fff5aab9708
0x00007fff5aab97b8:   0000000000000000 00007fff5aab9888
0x00007fff5aab97c8:   00007fff70657ea0 00007fff5aab98c0
0x00007fff5aab97d8:   00007fff839c6770 00007fff5aab9870
0x00007fff5aab97e8:   00007fff829954ed 0000000000000053
0x00007fff5aab97f8:   0000000000000000 00000000000f42e5
0x00007fff5aab9808:   0000000000000055 0000000000000000
0x00007fff5aab9818:   00000000000f42f1 00007fff5aab9894
0x00007fff5aab9828:   00000000003cb501 00000000ffffffff 

Instructions: (pc=0x00007fff89e9e0dd)
0x00007fff89e9e0bd:   00 00 00 48 85 ff 2e 74 7a 40 f6 c7 01 2e 75 7e
0x00007fff89e9e0cd:   49 bb f8 ff ff ff ff 7f 00 00 4c 23 1f 49 89 f2
0x00007fff89e9e0dd:   45 23 53 18 49 c1 e2 04 4d 03 53 10 49 3b 32 75
0x00007fff89e9e0ed:   04 41 ff 62 08 49 83 3a 00 74 6a 4d 3b 53 10 74 

Register to memory mapping:

RAX=0x00007f8ef847b9f0 is an unknown value
RBX=0x00007fff5aab9818 is pointing into the stack for thread: 0x00007f8ef989a800
RCX=0x0000000000000000 is an unknown value
RDX=0x00007f8ef8479740 is an unknown value
RSP=0x00007fff5aab9638 is pointing into the stack for thread: 0x00007f8ef989a800
RBP=0x00007fff5aab9640 is pointing into the stack for thread: 0x00007f8ef989a800
RSI=0x00007fff8326141e: -[NSTitlebarContainerView transparent]+0x5e312 in /System/Library/Frameworks/AppKit.framework/Versions/C/AppKit at 0x00007fff82860000
RDI=0x00007f8ef847b9f0 is an unknown value
R8 =0x00007fff5aab9620 is pointing into the stack for thread: 0x00007f8ef989a800
R9 =0x0000000000000057 is an unknown value
R10=0x00007fff8326141e: -[NSTitlebarContainerView transparent]+0x5e312 in /System/Library/Frameworks/AppKit.framework/Versions/C/AppKit at 0x00007fff82860000
R11=0x000007f8ef847ba0 is an unknown value
R12=0x00007f8ef860e2e0 is an unknown value
R13=0x00000000000f42f1 is an unknown value
R14=0x00007f8ef8678c50 is an unknown value
R15=0x00007fff5aab9778 is pointing into the stack for thread: 0x00007f8ef989a800


Stack: [0x00007fff5a2be000,0x00007fff5aabe000],  sp=0x00007fff5aab9638,  free space=8173k
Native frames: (J=compiled Java code, j=interpreted, Vv=VM code, C=native code)
C  [libobjc.A.dylib+0x10dd]  objc_msgSend+0x1d
C  [CoreFoundation+0x10634]  _CFXNotificationPost+0xc44
C  [Foundation+0x79d1]  -[NSNotificationCenter postNotificationName:object:userInfo:]+0x42
C  [AppKit+0x439c2]  -[NSSurface _disposeSurface]+0x98
C  [AppKit+0x43426]  -[NSSurface setWindow:]+0x42
C  [AppKit+0x33910]  -[NSView _setWindow:]+0xa33
C  [AppKit+0x6af91]  -[NSView removeFromSuperview]+0x1c5
C  [AppKit+0x14bd99]  -[NSView removeFromSuperviewWithoutNeedingDisplay]+0x26
C  [liblwjgl.dylib+0xa205]  +[MacOSXKeyableWindow destroyWindow]+0xb5
C  [Foundation+0x92d00]  __NSThreadPerformPerform+0x125
C  [CoreFoundation+0x80a01]  __CFRUNLOOP_IS_CALLING_OUT_TO_A_SOURCE0_PERFORM_FUNCTION__+0x11
C  [CoreFoundation+0x72b8d]  __CFRunLoopDoSources0+0x10d
C  [CoreFoundation+0x721bf]  __CFRunLoopRun+0x39f
C  [CoreFoundation+0x71bd8]  CFRunLoopRunSpecific+0x128
C  [HIToolbox+0x3256f]  RunCurrentEventLoopInMode+0xeb
C  [HIToolbox+0x322ea]  ReceiveNextEventCommon+0x1af
C  [HIToolbox+0x3212b]  _BlockUntilNextEventMatchingListInModeWithFilter+0x47
C  [AppKit+0x918ab]  _DPSNextEvent+0x3d2
C  [AppKit+0x90e58]  -[NSApplication nextEventMatchingMask:untilDate:inMode:dequeue:]+0x15a
C  [libosxapp.dylib+0x242a]  -[NSApplicationAWT nextEventMatchingMask:untilDate:inMode:dequeue:]+0x7c
C  [AppKit+0x86af3]  -[NSApplication run]+0x252
C  [libosxapp.dylib+0x223e]  +[NSApplicationAWT runAWTLoopWithApp:]+0x9c
C  [libawt_lwawt.dylib+0x4463b]  -[AWTStarter starter:]+0x389
C  [Foundation+0x92d00]  __NSThreadPerformPerform+0x125
C  [CoreFoundation+0x80a01]  __CFRUNLOOP_IS_CALLING_OUT_TO_A_SOURCE0_PERFORM_FUNCTION__+0x11
C  [CoreFoundation+0x72b8d]  __CFRunLoopDoSources0+0x10d
C  [CoreFoundation+0x721bf]  __CFRunLoopRun+0x39f
C  [CoreFoundation+0x71bd8]  CFRunLoopRunSpecific+0x128
C  [java+0x6490]  CreateExecutionEnvironment+0x367
C  [java+0x221c]  JLI_Launch+0x7a0
C  [java+0x84ed]  main+0x65
C  [java+0x1a74]  start+0x34
C  0x0000000000000006


---------------  P R O C E S S  ---------------

Java Threads: ( => current thread )
  0x00007f8ef98fd000 JavaThread "AWT-Shutdown" [_thread_blocked, id=28179, stack(0x0000000120778000,0x0000000120878000)]
=>0x00007f8ef989a800 JavaThread "AppKit Thread" daemon [_thread_in_native, id=1811, stack(0x00007fff5a2be000,0x00007fff5aabe000)]
  0x00007f8ef885d800 JavaThread "Service Thread" daemon [_thread_blocked, id=18179, stack(0x000000011e8c3000,0x000000011e9c3000)]
  0x00007f8ef9812800 JavaThread "C1 CompilerThread2" daemon [_thread_blocked, id=17667, stack(0x000000011e7c0000,0x000000011e8c0000)]
  0x00007f8efa016800 JavaThread "C2 CompilerThread1" daemon [_thread_blocked, id=17155, stack(0x000000011e6bd000,0x000000011e7bd000)]
  0x00007f8ef8844800 JavaThread "C2 CompilerThread0" daemon [_thread_blocked, id=16643, stack(0x000000011e5ba000,0x000000011e6ba000)]
  0x00007f8ef8851000 JavaThread "Signal Dispatcher" daemon [_thread_blocked, id=13335, stack(0x000000011e4b7000,0x000000011e5b7000)]
  0x00007f8ef882b800 JavaThread "Finalizer" daemon [_thread_blocked, id=11523, stack(0x000000011ca96000,0x000000011cb96000)]
  0x00007f8ef882b000 JavaThread "Reference Handler" daemon [_thread_blocked, id=11011, stack(0x000000011c993000,0x000000011ca93000)]
  0x00007f8efa001800 JavaThread "main" [_thread_in_native, id=4867, stack(0x0000000105259000,0x0000000105359000)]

Other Threads:
  0x00007f8ef8828000 VMThread [stack: 0x000000011c890000,0x000000011c990000] [id=10499]
  0x00007f8ef8852000 WatcherThread [stack: 0x000000011e9c6000,0x000000011eac6000] [id=18691]

VM state:not at safepoint (normal execution)

VM Mutex/Monitor currently owned by a thread: None

Heap:
 PSYoungGen      total 38400K, used 9529K [0x0000000795580000, 0x0000000798000000, 0x00000007c0000000)
  eden space 33280K, 28% used [0x0000000795580000,0x0000000795ece440,0x0000000797600000)
  from space 5120K, 0% used [0x0000000797b00000,0x0000000797b00000,0x0000000798000000)
  to   space 5120K, 0% used [0x0000000797600000,0x0000000797600000,0x0000000797b00000)
 ParOldGen       total 87552K, used 0K [0x0000000740000000, 0x0000000745580000, 0x0000000795580000)
  object space 87552K, 0% used [0x0000000740000000,0x0000000740000000,0x0000000745580000)
 Metaspace       used 6257K, capacity 6367K, committed 6656K, reserved 1056768K
  class space    used 615K, capacity 662K, committed 768K, reserved 1048576K

Card table byte_map: [0x0000000115f29000,0x000000011632a000] byte_map_base: 0x0000000112529000

Marking Bits: (ParMarkBitMap*) 0x00000001064c27a0
 Begin Bits: [0x00000001169e1000, 0x00000001189e1000)
 End Bits:   [0x00000001189e1000, 0x000000011a9e1000)

Polling page: 0x000000010539e000

CodeCache: size=245760Kb used=2438Kb max_used=2450Kb free=243321Kb
 bounds [0x0000000106b69000, 0x0000000106dd9000, 0x0000000115b69000]
 total_blobs=1017 nmethods=630 adapters=301
 compilation: enabled

Compilation events (10 events):
Event: 5.878 Thread 0x00007f8ef8844800 nmethod 625 0x0000000106dc7750 code [0x0000000106dc78a0, 0x0000000106dc7ab8]
Event: 5.941 Thread 0x00007f8ef9812800  626       3       org.lwjgl.opengl.Sync$RunningAvg::dampenForLowResTicker (42 bytes)
Event: 5.941 Thread 0x00007f8ef9812800 nmethod 626 0x0000000106dcce90 code [0x0000000106dcd040, 0x0000000106dcd308]
Event: 6.041 Thread 0x00007f8efa016800  627       4       org.lwjgl.opengl.GLContext::getCapabilities (20 bytes)
Event: 6.042 Thread 0x00007f8efa016800 nmethod 627 0x0000000106dc73d0 code [0x0000000106dc7520, 0x0000000106dc75d8]
Event: 6.057 Thread 0x00007f8ef9812800  628       3       java.nio.HeapByteBuffer::putInt (20 bytes)
Event: 6.058 Thread 0x00007f8ef9812800 nmethod 628 0x0000000106dce510 code [0x0000000106dce6a0, 0x0000000106dcea68]
Event: 6.058 Thread 0x00007f8ef9812800  629       3       java.nio.Bits::putInt (20 bytes)
Event: 6.058 Thread 0x00007f8ef9812800 nmethod 629 0x0000000106dce0d0 code [0x0000000106dce240, 0x0000000106dce438]
Event: 6.766 Thread 0x00007f8efa016800  630       4       java.nio.DirectByteBuffer::put (18 bytes)

GC Heap History (0 events):
No events

Deoptimization events (1 events):
Event: 0.267 Thread 0x00007f8ef989a800 Uncommon trap: reason=unstable_if action=reinterpret pc=0x0000000106caccc0 method=java.lang.String.indexOf(II)I @ 49

Internal exceptions (10 events):
Event: 0.092 Thread 0x00007f8efa001800 Exception <a 'java/security/PrivilegedActionException'> (0x00000007957b64c0) thrown at [/Users/java_re/workspace/8-2-build-macosx-x86_64/jdk8u40/2855/hotspot/src/share/vm/prims/jvm.cpp, line 1382]
Event: 0.092 Thread 0x00007f8efa001800 Exception <a 'java/security/PrivilegedActionException'> (0x00000007957b6678) thrown at [/Users/java_re/workspace/8-2-build-macosx-x86_64/jdk8u40/2855/hotspot/src/share/vm/prims/jvm.cpp, line 1382]
Event: 0.121 Thread 0x00007f8efa001800 Exception <a 'java/security/PrivilegedActionException'> (0x000000079588a980) thrown at [/Users/java_re/workspace/8-2-build-macosx-x86_64/jdk8u40/2855/hotspot/src/share/vm/prims/jvm.cpp, line 1382]
Event: 0.121 Thread 0x00007f8efa001800 Exception <a 'java/security/PrivilegedActionException'> (0x000000079588ab38) thrown at [/Users/java_re/workspace/8-2-build-macosx-x86_64/jdk8u40/2855/hotspot/src/share/vm/prims/jvm.cpp, line 1382]
Event: 0.121 Thread 0x00007f8efa001800 Exception <a 'java/security/PrivilegedActionException'> (0x000000079588deb8) thrown at [/Users/java_re/workspace/8-2-build-macosx-x86_64/jdk8u40/2855/hotspot/src/share/vm/prims/jvm.cpp, line 1382]
Event: 0.121 Thread 0x00007f8efa001800 Exception <a 'java/security/PrivilegedActionException'> (0x000000079588e070) thrown at [/Users/java_re/workspace/8-2-build-macosx-x86_64/jdk8u40/2855/hotspot/src/share/vm/prims/jvm.cpp, line 1382]
Event: 0.247 Thread 0x00007f8efa001800 Exception <a 'java/io/FileNotFoundException'> (0x0000000795893168) thrown at [/Users/java_re/workspace/8-2-build-macosx-x86_64/jdk8u40/2855/hotspot/src/share/vm/prims/jni.cpp, line 709]
Event: 0.247 Thread 0x00007f8efa001800 Exception <a 'java/io/FileNotFoundException'> (0x0000000795893c88) thrown at [/Users/java_re/workspace/8-2-build-macosx-x86_64/jdk8u40/2855/hotspot/src/share/vm/prims/jni.cpp, line 709]
Event: 0.298 Thread 0x00007f8ef989a800 Exception <a 'java/lang/NoSuchFieldError': method resolution failed> (0x0000000795a38c98) thrown at [/Users/java_re/workspace/8-2-build-macosx-x86_64/jdk8u40/2855/hotspot/src/share/vm/prims/methodHandles.cpp, line 1125]
Event: 0.300 Thread 0x00007f8ef989a800 Exception <a 'java/lang/NoSuchFieldError': method resolution failed> (0x0000000795a47338) thrown at [/Users/java_re/workspace/8-2-build-macosx-x86_64/jdk8u40/2855/hotspot/src/share/vm/prims/methodHandles.cpp, line 1125]

Events (10 events):
Event: 0.603 loading class sun/misc/FloatingDecimal$ASCIIToBinaryConverter done
Event: 0.603 loading class sun/misc/FloatingDecimal$PreparedASCIIToBinaryBuffer done
Event: 0.603 loading class sun/misc/FDBigInteger
Event: 0.637 loading class sun/misc/FDBigInteger done
Event: 2.189 Thread 0x00007f8efa001800 DEOPT PACKING pc=0x0000000106d8d893 sp=0x00000001053586c0
Event: 2.189 Thread 0x00007f8efa001800 DEOPT UNPACKING pc=0x0000000106bb0633 sp=0x00000001053584f0 mode 0
Event: 4.103 Executing VM operation: EnableBiasedLocking
Event: 4.103 Executing VM operation: EnableBiasedLocking done
Event: 6.764 loading class org/lwjgl/opengl/CallbackUtil
Event: 6.764 loading class org/lwjgl/opengl/CallbackUtil done


Dynamic libraries:
0x0000000000130000 	/System/Library/Frameworks/Cocoa.framework/Versions/A/Cocoa
0x0000000000130000 	/System/Library/Frameworks/Security.framework/Versions/A/Security
0x0000000000130000 	/System/Library/Frameworks/ApplicationServices.framework/Versions/A/ApplicationServices
0x0000000000130000 	/usr/lib/libz.1.dylib
0x0000000000130000 	/usr/lib/libSystem.B.dylib
0x0000000000130000 	/usr/lib/libobjc.A.dylib
0x0000000000130000 	/System/Library/Frameworks/CoreFoundation.framework/Versions/A/CoreFoundation
0x0000000000130000 	/System/Library/Frameworks/Foundation.framework/Versions/C/Foundation
0x0000000000130000 	/System/Library/Frameworks/AppKit.framework/Versions/C/AppKit
0x0000000000130000 	/System/Library/Frameworks/CoreData.framework/Versions/A/CoreData
0x0000000000130000 	/System/Library/PrivateFrameworks/RemoteViewServices.framework/Versions/A/RemoteViewServices
0x0000000000130000 	/System/Library/PrivateFrameworks/UIFoundation.framework/Versions/A/UIFoundation
0x0000000000130000 	/System/Library/Frameworks/IOSurface.framework/Versions/A/IOSurface
0x0000000000130000 	/System/Library/Frameworks/AudioToolbox.framework/Versions/A/AudioToolbox
0x0000000000130000 	/System/Library/Frameworks/AudioUnit.framework/Versions/A/AudioUnit
0x0000000000130000 	/System/Library/PrivateFrameworks/DataDetectorsCore.framework/Versions/A/DataDetectorsCore
0x0000000000130000 	/System/Library/PrivateFrameworks/DesktopServicesPriv.framework/Versions/A/DesktopServicesPriv
0x0000000000130000 	/System/Library/Frameworks/Carbon.framework/Versions/A/Frameworks/HIToolbox.framework/Versions/A/HIToolbox
0x0000000000130000 	/System/Library/Frameworks/QuartzCore.framework/Versions/A/QuartzCore
0x0000000000130000 	/System/Library/Frameworks/Carbon.framework/Versions/A/Frameworks/SpeechRecognition.framework/Versions/A/SpeechRecognition
0x0000000000130000 	/usr/lib/libauto.dylib
0x0000000000130000 	/usr/lib/libicucore.A.dylib
0x0000000000130000 	/usr/lib/libxml2.2.dylib
0x0000000000130000 	/System/Library/PrivateFrameworks/CoreUI.framework/Versions/A/CoreUI
0x0000000000130000 	/System/Library/Frameworks/CoreAudio.framework/Versions/A/CoreAudio
0x0000000000130000 	/System/Library/Frameworks/DiskArbitration.framework/Versions/A/DiskArbitration
0x0000000000130000 	/usr/lib/liblangid.dylib
0x0000000000130000 	/System/Library/PrivateFrameworks/MultitouchSupport.framework/Versions/A/MultitouchSupport
0x0000000000130000 	/System/Library/Frameworks/IOKit.framework/Versions/A/IOKit
0x0000000000130000 	/usr/lib/libDiagnosticMessagesClient.dylib
0x0000000000130000 	/System/Library/Frameworks/CoreServices.framework/Versions/A/CoreServices
0x0000000000130000 	/System/Library/PrivateFrameworks/PerformanceAnalysis.framework/Versions/A/PerformanceAnalysis
0x0000000000130000 	/System/Library/PrivateFrameworks/GenerationalStorage.framework/Versions/A/GenerationalStorage
0x0000000000130000 	/System/Library/Frameworks/OpenGL.framework/Versions/A/OpenGL
0x0000000000130000 	/System/Library/PrivateFrameworks/Sharing.framework/Versions/A/Sharing
0x0000000000130000 	/System/Library/Frameworks/CoreGraphics.framework/Versions/A/CoreGraphics
0x0000000000130000 	/System/Library/Frameworks/CoreText.framework/Versions/A/CoreText
0x0000000000130000 	/System/Library/Frameworks/ImageIO.framework/Versions/A/ImageIO
0x0000000000130000 	/usr/lib/libextension.dylib
0x0000000000130000 	/System/Library/PrivateFrameworks/Backup.framework/Versions/A/Backup
0x0000000000130000 	/usr/lib/libarchive.2.dylib
0x0000000000130000 	/System/Library/Frameworks/CFNetwork.framework/Versions/A/CFNetwork
0x0000000000130000 	/System/Library/Frameworks/SystemConfiguration.framework/Versions/A/SystemConfiguration
0x0000000000130000 	/usr/lib/libCRFSuite.dylib
0x0000000000130000 	/usr/lib/libc++.1.dylib
0x0000000000130000 	/usr/lib/libc++abi.dylib
0x0000000000130000 	/usr/lib/system/libcache.dylib
0x0000000000130000 	/usr/lib/system/libcommonCrypto.dylib
0x0000000000130000 	/usr/lib/system/libcompiler_rt.dylib
0x0000000000130000 	/usr/lib/system/libcopyfile.dylib
0x0000000000130000 	/usr/lib/system/libcorecrypto.dylib
0x0000000000130000 	/usr/lib/system/libdispatch.dylib
0x0000000000130000 	/usr/lib/system/libdyld.dylib
0x0000000000130000 	/usr/lib/system/libkeymgr.dylib
0x0000000000130000 	/usr/lib/system/liblaunch.dylib
0x0000000000130000 	/usr/lib/system/libmacho.dylib
0x0000000000130000 	/usr/lib/system/libquarantine.dylib
0x0000000000130000 	/usr/lib/system/libremovefile.dylib
0x0000000000130000 	/usr/lib/system/libsystem_asl.dylib
0x0000000000130000 	/usr/lib/system/libsystem_blocks.dylib
0x0000000000130000 	/usr/lib/system/libsystem_c.dylib
0x0000000000130000 	/usr/lib/system/libsystem_configuration.dylib
0x0000000000130000 	/usr/lib/system/libsystem_coreservices.dylib
0x0000000000130000 	/usr/lib/system/libsystem_coretls.dylib
0x0000000000130000 	/usr/lib/system/libsystem_dnssd.dylib
0x0000000000130000 	/usr/lib/system/libsystem_info.dylib
0x0000000000130000 	/usr/lib/system/libsystem_kernel.dylib
0x0000000000130000 	/usr/lib/system/libsystem_m.dylib
0x0000000000130000 	/usr/lib/system/libsystem_malloc.dylib
0x0000000000130000 	/usr/lib/system/libsystem_network.dylib
0x0000000000130000 	/usr/lib/system/libsystem_networkextension.dylib
0x0000000000130000 	/usr/lib/system/libsystem_notify.dylib
0x0000000000130000 	/usr/lib/system/libsystem_platform.dylib
0x0000000000130000 	/usr/lib/system/libsystem_pthread.dylib
0x0000000000130000 	/usr/lib/system/libsystem_sandbox.dylib
0x0000000000130000 	/usr/lib/system/libsystem_secinit.dylib
0x0000000000130000 	/usr/lib/system/libsystem_stats.dylib
0x0000000000130000 	/usr/lib/system/libsystem_trace.dylib
0x0000000000130000 	/usr/lib/system/libunc.dylib
0x0000000000130000 	/usr/lib/system/libunwind.dylib
0x0000000000130000 	/usr/lib/system/libxpc.dylib
0x0000000000130000 	/usr/lib/libbz2.1.0.dylib
0x0000000000130000 	/usr/lib/liblzma.5.dylib
0x0000000000130000 	/usr/lib/libbsm.0.dylib
0x0000000000130000 	/usr/lib/libsqlite3.dylib
0x0000000000130000 	/usr/lib/system/libkxld.dylib
0x0000000000130000 	/usr/lib/libxar.1.dylib
0x0000000000130000 	/usr/lib/libpam.2.dylib
0x0000000000130000 	/usr/lib/libOpenScriptingUtil.dylib
0x0000000000130000 	/System/Library/Frameworks/CoreServices.framework/Versions/A/Frameworks/FSEvents.framework/Versions/A/FSEvents
0x0000000000130000 	/System/Library/Frameworks/CoreServices.framework/Versions/A/Frameworks/CarbonCore.framework/Versions/A/CarbonCore
0x0000000000130000 	/System/Library/Frameworks/CoreServices.framework/Versions/A/Frameworks/Metadata.framework/Versions/A/Metadata
0x0000000000130000 	/System/Library/Frameworks/CoreServices.framework/Versions/A/Frameworks/OSServices.framework/Versions/A/OSServices
0x0000000000130000 	/System/Library/Frameworks/CoreServices.framework/Versions/A/Frameworks/SearchKit.framework/Versions/A/SearchKit
0x0000000000130000 	/System/Library/Frameworks/CoreServices.framework/Versions/A/Frameworks/AE.framework/Versions/A/AE
0x0000000000130000 	/System/Library/Frameworks/CoreServices.framework/Versions/A/Frameworks/LaunchServices.framework/Versions/A/LaunchServices
0x0000000000130000 	/System/Library/Frameworks/CoreServices.framework/Versions/A/Frameworks/DictionaryServices.framework/Versions/A/DictionaryServices
0x0000000000130000 	/System/Library/Frameworks/NetFS.framework/Versions/A/NetFS
0x0000000000130000 	/System/Library/PrivateFrameworks/NetAuth.framework/Versions/A/NetAuth
0x0000000000130000 	/System/Library/PrivateFrameworks/login.framework/Versions/A/Frameworks/loginsupport.framework/Versions/A/loginsupport
0x0000000000130000 	/System/Library/PrivateFrameworks/TCC.framework/Versions/A/TCC
0x0000000000130000 	/usr/lib/libmecabra.dylib
0x0000000000130000 	/System/Library/Frameworks/ApplicationServices.framework/Versions/A/Frameworks/ATS.framework/Versions/A/ATS
0x0000000000130000 	/System/Library/Frameworks/ApplicationServices.framework/Versions/A/Frameworks/ColorSync.framework/Versions/A/ColorSync
0x0000000000130000 	/System/Library/Frameworks/ApplicationServices.framework/Versions/A/Frameworks/HIServices.framework/Versions/A/HIServices
0x0000000000130000 	/System/Library/Frameworks/ApplicationServices.framework/Versions/A/Frameworks/LangAnalysis.framework/Versions/A/LangAnalysis
0x0000000000130000 	/System/Library/Frameworks/ApplicationServices.framework/Versions/A/Frameworks/PrintCore.framework/Versions/A/PrintCore
0x0000000000130000 	/System/Library/Frameworks/ApplicationServices.framework/Versions/A/Frameworks/QD.framework/Versions/A/QD
0x0000000000130000 	/System/Library/Frameworks/ApplicationServices.framework/Versions/A/Frameworks/SpeechSynthesis.framework/Versions/A/SpeechSynthesis
0x0000000000130000 	/System/Library/Frameworks/Accelerate.framework/Versions/A/Accelerate
0x0000000000130000 	/System/Library/Frameworks/Accelerate.framework/Versions/A/Frameworks/vImage.framework/Versions/A/vImage
0x0000000000130000 	/System/Library/Frameworks/Accelerate.framework/Versions/A/Frameworks/vecLib.framework/Versions/A/vecLib
0x0000000000130000 	/System/Library/Frameworks/Accelerate.framework/Versions/A/Frameworks/vecLib.framework/Versions/A/libvDSP.dylib
0x0000000000130000 	/System/Library/Frameworks/Accelerate.framework/Versions/A/Frameworks/vecLib.framework/Versions/A/libvMisc.dylib
0x0000000000130000 	/System/Library/Frameworks/Accelerate.framework/Versions/A/Frameworks/vecLib.framework/Versions/A/libLAPACK.dylib
0x0000000000130000 	/System/Library/Frameworks/Accelerate.framework/Versions/A/Frameworks/vecLib.framework/Versions/A/libBLAS.dylib
0x0000000000130000 	/System/Library/Frameworks/Accelerate.framework/Versions/A/Frameworks/vecLib.framework/Versions/A/libLinearAlgebra.dylib
0x0000000000130000 	/System/Library/Frameworks/ApplicationServices.framework/Versions/A/Frameworks/ATS.framework/Versions/A/Resources/libFontParser.dylib
0x0000000000130000 	/System/Library/Frameworks/ApplicationServices.framework/Versions/A/Frameworks/ATS.framework/Versions/A/Resources/libFontRegistry.dylib
0x0000000000130000 	/System/Library/PrivateFrameworks/AppleVPA.framework/Versions/A/AppleVPA
0x0000000000130000 	/System/Library/PrivateFrameworks/AppleJPEG.framework/Versions/A/AppleJPEG
0x0000000000130000 	/System/Library/Frameworks/ImageIO.framework/Versions/A/Resources/libJPEG.dylib
0x0000000000130000 	/System/Library/Frameworks/ImageIO.framework/Versions/A/Resources/libTIFF.dylib
0x0000000000130000 	/System/Library/Frameworks/ImageIO.framework/Versions/A/Resources/libPng.dylib
0x0000000000130000 	/System/Library/Frameworks/ImageIO.framework/Versions/A/Resources/libGIF.dylib
0x0000000000130000 	/System/Library/Frameworks/ImageIO.framework/Versions/A/Resources/libJP2.dylib
0x0000000000130000 	/System/Library/Frameworks/ImageIO.framework/Versions/A/Resources/libRadiance.dylib
0x0000000000130000 	/System/Library/Frameworks/CoreVideo.framework/Versions/A/CoreVideo
0x0000000000130000 	/System/Library/Frameworks/OpenGL.framework/Versions/A/Libraries/libGLU.dylib
0x0000000000130000 	/System/Library/Frameworks/OpenGL.framework/Versions/A/Libraries/libGFXShared.dylib
0x0000000000130000 	/System/Library/Frameworks/OpenGL.framework/Versions/A/Libraries/libGL.dylib
0x0000000000130000 	/System/Library/Frameworks/OpenGL.framework/Versions/A/Libraries/libGLImage.dylib
0x0000000000130000 	/System/Library/Frameworks/OpenGL.framework/Versions/A/Libraries/libCVMSPluginSupport.dylib
0x0000000000130000 	/System/Library/Frameworks/OpenGL.framework/Versions/A/Libraries/libCoreVMClient.dylib
0x0000000000130000 	/usr/lib/libcups.2.dylib
0x0000000000130000 	/System/Library/Frameworks/Kerberos.framework/Versions/A/Kerberos
0x0000000000130000 	/System/Library/Frameworks/GSS.framework/Versions/A/GSS
0x0000000000130000 	/usr/lib/libresolv.9.dylib
0x0000000000130000 	/usr/lib/libiconv.2.dylib
0x0000000000130000 	/System/Library/PrivateFrameworks/Heimdal.framework/Versions/A/Heimdal
0x0000000000130000 	/usr/lib/libheimdal-asn1.dylib
0x0000000000130000 	/System/Library/Frameworks/OpenDirectory.framework/Versions/A/OpenDirectory
0x0000000000130000 	/System/Library/PrivateFrameworks/CommonAuth.framework/Versions/A/CommonAuth
0x0000000000130000 	/System/Library/Frameworks/OpenDirectory.framework/Versions/A/Frameworks/CFOpenDirectory.framework/Versions/A/CFOpenDirectory
0x0000000000130000 	/System/Library/Frameworks/SecurityFoundation.framework/Versions/A/SecurityFoundation
0x0000000000130000 	/System/Library/PrivateFrameworks/LanguageModeling.framework/Versions/A/LanguageModeling
0x0000000000130000 	/usr/lib/libcmph.dylib
0x0000000000130000 	/System/Library/Frameworks/ServiceManagement.framework/Versions/A/ServiceManagement
0x0000000000130000 	/usr/lib/libxslt.1.dylib
0x0000000000130000 	/System/Library/Frameworks/Carbon.framework/Versions/A/Frameworks/Ink.framework/Versions/A/Ink
0x0000000000130000 	/System/Library/Frameworks/QuartzCore.framework/Versions/A/Frameworks/CoreImage.framework/Versions/A/CoreImage
0x0000000000130000 	/System/Library/PrivateFrameworks/CrashReporterSupport.framework/Versions/A/CrashReporterSupport
0x0000000000130000 	/System/Library/Frameworks/OpenCL.framework/Versions/A/OpenCL
0x0000000000130000 	/System/Library/PrivateFrameworks/FaceCore.framework/Versions/A/FaceCore
0x0000000000130000 	/System/Library/PrivateFrameworks/Ubiquity.framework/Versions/A/Ubiquity
0x0000000000130000 	/System/Library/PrivateFrameworks/IconServices.framework/Versions/A/IconServices
0x0000000000130000 	/System/Library/PrivateFrameworks/ChunkingLibrary.framework/Versions/A/ChunkingLibrary
0x0000000000130000 	/System/Library/PrivateFrameworks/Apple80211.framework/Versions/A/Apple80211
0x0000000000130000 	/System/Library/Frameworks/CoreWLAN.framework/Versions/A/CoreWLAN
0x0000000000130000 	/System/Library/Frameworks/IOBluetooth.framework/Versions/A/IOBluetooth
0x0000000000130000 	/System/Library/PrivateFrameworks/CoreWiFi.framework/Versions/A/CoreWiFi
0x0000000000130000 	/System/Library/Frameworks/CoreBluetooth.framework/Versions/A/CoreBluetooth
0x0000000000130000 	/System/Library/PrivateFrameworks/DebugSymbols.framework/Versions/A/DebugSymbols
0x0000000000130000 	/System/Library/PrivateFrameworks/CoreSymbolication.framework/Versions/A/CoreSymbolication
0x0000000000130000 	/System/Library/PrivateFrameworks/Symbolication.framework/Versions/A/Symbolication
0x0000000000130000 	/System/Library/PrivateFrameworks/SpeechRecognitionCore.framework/Versions/A/SpeechRecognitionCore
0x0000000105c00000 	/Library/Java/JavaVirtualMachines/jdk1.8.0_40.jdk/Contents/Home/jre/lib/server/libjvm.dylib
0x0000000000130000 	/usr/lib/libstdc++.6.dylib
0x000000010535b000 	/Library/Java/JavaVirtualMachines/jdk1.8.0_40.jdk/Contents/Home/jre/lib/libverify.dylib
0x0000000105369000 	/Library/Java/JavaVirtualMachines/jdk1.8.0_40.jdk/Contents/Home/jre/lib/libjava.dylib
0x00000001053a8000 	/Library/Java/JavaVirtualMachines/jdk1.8.0_40.jdk/Contents/Home/jre/lib/libzip.dylib
0x000000011cb98000 	/System/Library/Frameworks/JavaVM.framework/Frameworks/JavaRuntimeSupport.framework/JavaRuntimeSupport
0x000000011cbb0000 	/System/Library/Frameworks/JavaVM.framework/Versions/A/Frameworks/JavaNativeFoundation.framework/Versions/A/JavaNativeFoundation
0x000000011cbc5000 	/System/Library/Frameworks/JavaVM.framework/Versions/A/JavaVM
0x0000000000130000 	/System/Library/Frameworks/Carbon.framework/Versions/A/Carbon
0x000000011cbd2000 	/System/Library/PrivateFrameworks/JavaLaunching.framework/Versions/A/JavaLaunching
0x0000000000130000 	/System/Library/Frameworks/Carbon.framework/Versions/A/Frameworks/CommonPanels.framework/Versions/A/CommonPanels
0x0000000000130000 	/System/Library/Frameworks/Carbon.framework/Versions/A/Frameworks/Help.framework/Versions/A/Help
0x0000000000130000 	/System/Library/Frameworks/Carbon.framework/Versions/A/Frameworks/ImageCapture.framework/Versions/A/ImageCapture
0x0000000000130000 	/System/Library/Frameworks/Carbon.framework/Versions/A/Frameworks/OpenScripting.framework/Versions/A/OpenScripting
0x0000000000130000 	/System/Library/Frameworks/Carbon.framework/Versions/A/Frameworks/Print.framework/Versions/A/Print
0x0000000000130000 	/System/Library/Frameworks/Carbon.framework/Versions/A/Frameworks/SecurityHI.framework/Versions/A/SecurityHI
0x000000011eb16000 	/Library/Java/JavaVirtualMachines/jdk1.8.0_40.jdk/Contents/Home/jre/lib/libawt.dylib
0x000000011ebbe000 	/Library/Java/JavaVirtualMachines/jdk1.8.0_40.jdk/Contents/Home/jre/lib/./libmlib_image.dylib
0x000000011ec8a000 	/Library/Java/JavaVirtualMachines/jdk1.8.0_40.jdk/Contents/Home/jre/lib/libawt_lwawt.dylib
0x000000011ed3e000 	/Library/Java/JavaVirtualMachines/jdk1.8.0_40.jdk/Contents/Home/jre/lib/./libosxapp.dylib
0x0000000000130000 	/System/Library/Frameworks/ExceptionHandling.framework/Versions/A/ExceptionHandling
0x0000000000130000 	/System/Library/PrivateFrameworks/CoreServicesInternal.framework/Versions/A/CoreServicesInternal
0x0000000000130000 	/System/Library/PrivateFrameworks/CloudDocs.framework/Versions/A/CloudDocs
0x0000000000130000 	/System/Library/PrivateFrameworks/CoreDuet.framework/Versions/A/CoreDuet
0x0000000000130000 	/System/Library/Frameworks/CloudKit.framework/Versions/A/CloudKit
0x0000000000130000 	/System/Library/PrivateFrameworks/ProtocolBuffer.framework/Versions/A/ProtocolBuffer
0x0000000000130000 	/System/Library/PrivateFrameworks/CoreDuetDaemonProtocol.framework/Versions/A/CoreDuetDaemonProtocol
0x0000000000130000 	/System/Library/PrivateFrameworks/CoreDuetDebugLogging.framework/Versions/A/CoreDuetDebugLogging
0x0000000000130000 	/System/Library/PrivateFrameworks/MMCS.framework/Versions/A/MMCS
0x0000000000130000 	/System/Library/Frameworks/CoreLocation.framework/Versions/A/CoreLocation
0x0000000000130000 	/System/Library/PrivateFrameworks/ProtectedCloudStorage.framework/Versions/A/ProtectedCloudStorage
0x0000000000130000 	/System/Library/PrivateFrameworks/GeoServices.framework/Versions/A/GeoServices
0x000000011f3ea000 	/System/Library/Frameworks/CoreGraphics.framework/Versions/A/Resources/libCGCMS.A.dylib
0x000000012124b000 	/System/Library/Frameworks/CoreGraphics.framework/Versions/A/Resources/libRIP.A.dylib
0x0000000000130000 	/System/Library/CoreServices/RawCamera.bundle/Contents/MacOS/RawCamera
0x00000001214c0000 	/System/Library/Frameworks/CoreGraphics.framework/Versions/A/Resources/libCGXType.A.dylib
0x0000000000130000 	/System/Library/Frameworks/OpenCL.framework/Versions/A/Libraries/libcldcpuengine.dylib
0x0000000000130000 	/System/Library/PrivateFrameworks/DiskImages.framework/Versions/A/DiskImages
0x0000000000130000 	/System/Library/Frameworks/DiscRecording.framework/Versions/A/DiscRecording
0x0000000000130000 	/usr/lib/libcsfde.dylib
0x0000000000130000 	/usr/lib/libcurl.4.dylib
0x0000000000130000 	/System/Library/PrivateFrameworks/MediaKit.framework/Versions/A/MediaKit
0x0000000000130000 	/usr/lib/libCoreStorage.dylib
0x0000000000130000 	/System/Library/PrivateFrameworks/EFILogin.framework/Versions/A/EFILogin
0x0000000000130000 	/usr/lib/libutil.dylib
0x0000000000130000 	/System/Library/PrivateFrameworks/FindMyDevice.framework/Versions/A/FindMyDevice
0x0000000000130000 	/System/Library/Frameworks/LDAP.framework/Versions/A/LDAP
0x0000000000130000 	/usr/lib/libsasl2.2.dylib
0x0000000000130000 	/System/Library/PrivateFrameworks/CoreDaemon.framework/Versions/B/CoreDaemon
0x0000000000130000 	/usr/lib/libcrypto.0.9.8.dylib
0x0000000000130000 	/System/Library/PrivateFrameworks/AppleSRP.framework/Versions/A/AppleSRP
0x0000000000130000 	/System/Library/PrivateFrameworks/TrustEvaluationAgent.framework/Versions/A/TrustEvaluationAgent
0x0000000121f31000 	cl_kernels
0x0000000121f33000 	/System/Library/Frameworks/OpenCL.framework/Versions/A/Libraries/ImageFormats/unorm8_bgra.dylib
0x0000000121f22000 	cl_kernels
0x0000000000130000 	/System/Library/PrivateFrameworks/FamilyControls.framework/Versions/A/FamilyControls
0x0000000000130000 	/System/Library/PrivateFrameworks/CommerceKit.framework/Versions/A/Frameworks/CommerceCore.framework/Versions/A/CommerceCore
0x0000000000130000 	/System/Library/PrivateFrameworks/SystemAdministration.framework/Versions/A/SystemAdministration
0x0000000000130000 	/System/Library/PrivateFrameworks/AppContainer.framework/Versions/A/AppContainer
0x0000000000130000 	/System/Library/PrivateFrameworks/SecCodeWrapper.framework/Versions/A/SecCodeWrapper
0x0000000000130000 	/System/Library/Frameworks/DirectoryService.framework/Versions/A/DirectoryService
0x0000000000130000 	/System/Library/PrivateFrameworks/LoginUIKit.framework/Versions/A/Frameworks/LoginUICore.framework/Versions/A/LoginUICore
0x0000000000130000 	/usr/lib/libodfde.dylib
0x00000001230f6000 	/Library/Java/JavaVirtualMachines/jdk1.8.0_40.jdk/Contents/Home/jre/lib/libfontmanager.dylib
0x000000012315d000 	/Users/mnolan/programming/Java/ExtraordinaryHeptagon/ExtraordinaryHeptagon/lib/natives/liblwjgl.dylib
0x000000012145c000 	/Library/Java/JavaVirtualMachines/jdk1.8.0_40.jdk/Contents/Home/jre/lib/libjawt.dylib
0x0000000123262000 	/System/Library/Frameworks/OpenGL.framework/Resources/GLEngine.bundle/GLEngine
0x0000000000130000 	/System/Library/Frameworks/OpenGL.framework/Versions/A/Libraries/libGLProgrammability.dylib
0x0000000000000000 	/System/Library/Extensions/AppleIntelHD4000GraphicsGLDriver.bundle/Contents/MacOS/AppleIntelHD4000GraphicsGLDriver
0x0000000000130000 	/System/Library/PrivateFrameworks/IOAccelerator.framework/Versions/A/IOAccelerator
0x0000000000130000 	/System/Library/PrivateFrameworks/GPUSupport.framework/Versions/A/Libraries/libGPUSupportMercury.dylib
0x000000012344d000 	/System/Library/Frameworks/OpenGL.framework/Resources//GLRendererFloat.bundle/GLRendererFloat

VM Arguments:
jvm_args: -Djava.library.path=/Users/mnolan/programming/Java/ExtraordinaryHeptagon/ExtraordinaryHeptagon/lib/natives -Dfile.encoding=UTF-8 
java_command: com.C_Elegans.heptagon.ExtraordinaryHeptagon
java_class_path (initial): /Users/mnolan/programming/Java/ExtraordinaryHeptagon/ExtraordinaryHeptagon/bin:/Users/mnolan/programming/Java/ExtraordinaryHeptagon/ExtraordinaryHeptagon/lib/jars/lwjgl_util.jar:/Users/mnolan/programming/Java/ExtraordinaryHeptagon/ExtraordinaryHeptagon/lib/jars/lwjgl.jar:/Users/mnolan/programming/Java/ExtraordinaryHeptagon/ExtraordinaryHeptagon/lib/jars/natives-mac.jar:/Users/mnolan/programming/Java/ExtraordinaryHeptagon/ExtraordinaryHeptagon/lib/jars/PNGDecoder.jar:/Users/mnolan/programming/Java/ExtraordinaryHeptagon/ExtraordinaryHeptagon/lib/jars/slick-util.jar
Launcher Type: SUN_STANDARD

Environment Variables:
PATH=/usr/bin:/bin:/usr/sbin:/sbin
SHELL=/bin/bash
DISPLAY=/private/tmp/com.apple.launchd.OFyZpg1BfM/org.macosforge.xquartz:0

Signal Handlers:
SIGSEGV: [libjvm.dylib+0x58ef95], sa_mask[0]=11111111011111110111111111111111, sa_flags=SA_ONSTACK|SA_RESTART|SA_SIGINFO
SIGBUS: [libjvm.dylib+0x58ef95], sa_mask[0]=11111111011111110111111111111111, sa_flags=SA_RESTART|SA_SIGINFO
SIGFPE: [libjvm.dylib+0x46c118], sa_mask[0]=11111111011111110111111111111111, sa_flags=SA_RESTART|SA_SIGINFO
SIGPIPE: [libjvm.dylib+0x46c118], sa_mask[0]=11111111011111110111111111111111, sa_flags=SA_RESTART|SA_SIGINFO
SIGXFSZ: [libjvm.dylib+0x46c118], sa_mask[0]=11111111011111110111111111111111, sa_flags=SA_RESTART|SA_SIGINFO
SIGILL: [libjvm.dylib+0x46c118], sa_mask[0]=11111111011111110111111111111111, sa_flags=SA_RESTART|SA_SIGINFO
SIGUSR1: SIG_DFL, sa_mask[0]=00000000000000000000000000000000, sa_flags=none
SIGUSR2: [libjvm.dylib+0x46bc36], sa_mask[0]=00100000000000000000000000000000, sa_flags=SA_RESTART|SA_SIGINFO
SIGHUP: [libjvm.dylib+0x46a209], sa_mask[0]=11111111011111110111111111111111, sa_flags=SA_RESTART|SA_SIGINFO
SIGINT: [libjvm.dylib+0x46a209], sa_mask[0]=11111111011111110111111111111111, sa_flags=SA_RESTART|SA_SIGINFO
SIGTERM: [libjvm.dylib+0x46a209], sa_mask[0]=11111111011111110111111111111111, sa_flags=SA_RESTART|SA_SIGINFO
SIGQUIT: [libjvm.dylib+0x46a209], sa_mask[0]=11111111011111110111111111111111, sa_flags=SA_RESTART|SA_SIGINFO


---------------  S Y S T E M  ---------------

OS:Bsduname:Darwin 14.4.0 Darwin Kernel Version 14.4.0: Thu May 28 11:35:04 PDT 2015; root:xnu-2782.30.5~1/RELEASE_X86_64 x86_64
rlimit: STACK 8192k, CORE 0k, NPROC 709, NOFILE 10240, AS infinity
load average:5.02 34.23 22.90

CPU:total 4 (2 cores per cpu, 2 threads per core) family 6 model 58 stepping 9, cmov, cx8, fxsr, mmx, sse, sse2, sse3, ssse3, sse4.1, sse4.2, popcnt, avx, aes, clmul, erms, ht, tsc, tscinvbit, tscinv

Memory: 4k page, physical 8388608k(358304k free)

/proc/meminfo:


vm_info: Java HotSpot(TM) 64-Bit Server VM (25.40-b25) for bsd-amd64 JRE (1.8.0_40-b25), built on Feb 10 2015 21:07:25 by "java_re" with gcc 4.2.1 (Based on Apple Inc. build 5658) (LLVM build 2336.11.00)

time: Wed Jul  8 18:09:06 2015
elapsed time: 6 seconds (0d 0h 0m 6s)

