#
# A fatal error has been detected by the Java Runtime Environment:
#
#  SIGILL (0x4) at pc=0x00007fff89eaf2ea, pid=39105, tid=1811
#
# JRE version: Java(TM) SE Runtime Environment (8.0_40-b25) (build 1.8.0_40-b25)
# Java VM: Java HotSpot(TM) 64-Bit Server VM (25.40-b25 mixed mode bsd-amd64 compressed oops)
# Problematic frame:
# C  [libobjc.A.dylib+0x122ea]  _objc_trap()+0x0
#
# Failed to write core dump. Core dumps have been disabled. To enable core dumping, try "ulimit -c unlimited" before starting Java again
#
# If you would like to submit a bug report, please visit:
#   http://bugreport.java.com/bugreport/crash.jsp
# The crash happened outside the Java Virtual Machine in native code.
# See problematic frame for where to report the bug.
#

---------------  T H R E A D  ---------------

Current thread (0x00007f9c82027000):  JavaThread "AppKit Thread" daemon [_thread_in_native, id=1811, stack(0x00007fff5bbae000,0x00007fff5c3ae000)]

siginfo: si_signo: 4 (SIGILL), si_code: 1 (ILL_ILLOPC), si_addr: 0x00007fff89eaf2ea

Registers:
RAX=0x0000000000000000, RBX=0x00007f9c81591730, RCX=0x0000000000000000, RDX=0x00007fff7196e1e0
RSP=0x00007fff5c3a7908, RBP=0x00007fff5c3a79f0, RSI=0x0000010000000100, RDI=0x0000000000000103
R8 =0x00007fff5c3a78b0, R9 =0x00000000ffffffe0, R10=0x000000000000000b, R11=0x0000000000000140
R12=0x00007fff70e50070, R13=0x00007fff71977e80, R14=0x00007fff71979aa8, R15=0x00007f9c816cf0a0
RIP=0x00007fff89eaf2ea, EFLAGS=0x0000000000010206, ERR=0x0000000000000000
  TRAPNO=0x0000000000000006

Top of Stack: (sp=0x00007fff5c3a7908)
0x00007fff5c3a7908:   00007fff89eaf42a 0000000000000000
0x00007fff5c3a7918:   00007f9c81591730 00007fff83356bd5
0x00007fff5c3a7928:   00007fff83356bd5 000000000000005f
0x00007fff5c3a7938:   00007f9c81591730 00007fff5c3a7970
0x00007fff5c3a7948:   00007fff89ebf225 00007fff5c3a79b0
0x00007fff5c3a7958:   00007fff89eb2da1 00007fff71979a90
0x00007fff5c3a7968:   00007fff70e50070 00007fff5c3a79d0
0x00007fff5c3a7978:   00007f9c816cf0a0 00007fff5c3a79b0
0x00007fff5c3a7988:   00007fff83356bd5 00007fff83356bd5
0x00007fff5c3a7998:   0000000000000000 00007fff708ad0b0
0x00007fff5c3a79a8:   00007f9c816cf0a0 00007fff5c3a79f0
0x00007fff5c3a79b8:   00007fff89eb45ad 00007f9c81725450
0x00007fff5c3a79c8:   00007f9c817293f0 0000003000000018
0x00007fff5c3a79d8:   00007fff5c3a7a00 00007fff5c3a7910
0x00007fff5c3a79e8:   00007f9c816cf0a0 00007fff5c3a7a60
0x00007fff5c3a79f8:   00007fff89ea6c87 0000000000000000
0x00007fff5c3a7a08:   00007f9c816e1b00 00007fff71977e80
0x00007fff5c3a7a18:   00007f9c816cf020 00007fff5c3a7a80
0x00007fff5c3a7a28:   00007fff89ea6b21 3b00acb221623263
0x00007fff5c3a7a38:   00007fff71977e80 0000000000000000
0x00007fff5c3a7a48:   00007fff71977e80 00007f9c816cf0a0
0x00007fff5c3a7a58:   00007fff71979a80 00007fff5c3a7ac0
0x00007fff5c3a7a68:   00007fff89ea6ac7 0000000000000008
0x00007fff5c3a7a78:   00007f9c81591730 0000000000001c00
0x00007fff5c3a7a88:   00007f9c816cf0a0 0000000000000008
0x00007fff5c3a7a98:   00007f9c816a8be0 0000000000000000
0x00007fff5c3a7aa8:   00007f9c816b2540 00007f9c816ceeb0
0x00007fff5c3a7ab8:   00007f9c81591730 00007fff5c3a7b00
0x00007fff5c3a7ac8:   00007fff8aa7c13c 00007f9c816a8be0
0x00007fff5c3a7ad8:   0000000000000000 00007f9c81591730
0x00007fff5c3a7ae8:   00007fff89e9e0c0 00007f9c816a8be0
0x00007fff5c3a7af8:   00007fff708c4bd8 00007fff5c3a7b30 

Instructions: (pc=0x00007fff89eaf2ea)
0x00007fff89eaf2ca:   c0 44 89 f2 e8 1f 08 01 00 48 8b 7d e0 e8 30 cc
0x00007fff89eaf2da:   ff ff 48 8b 7d e0 e8 d3 15 ff ff e8 00 00 00 00
0x00007fff89eaf2ea:   0f 0b 55 48 89 e5 48 81 ec d0 00 00 00 84 c0 74
0x00007fff89eaf2fa:   26 0f 29 85 60 ff ff ff 0f 29 8d 70 ff ff ff 0f 

Register to memory mapping:

RAX=0x0000000000000000 is an unknown value
RBX=0x00007f9c81591730 is an unknown value
RCX=0x0000000000000000 is an unknown value
RDX=0x00007fff7196e1e0: _ZZL14_objc_crashlogPKcE13crashlog_lock+0x20 in /usr/lib/libobjc.A.dylib at 0x00007fff89e9d000
RSP=0x00007fff5c3a7908 is pointing into the stack for thread: 0x00007f9c82027000
RBP=0x00007fff5c3a79f0 is pointing into the stack for thread: 0x00007f9c82027000
RSI=0x0000010000000100 is an unknown value
RDI=0x0000000000000103 is an unknown value
R8 =0x00007fff5c3a78b0 is pointing into the stack for thread: 0x00007f9c82027000
R9 =0x00000000ffffffe0 is an unknown value
R10=0x000000000000000b is an unknown value
R11=0x0000000000000140 is an unknown value
R12=0x00007fff70e50070: __stack_chk_guard+0 in /usr/lib/system/libsystem_c.dylib at 0x00007fff8502f000
R13=0x00007fff71977e80: _ZN12_GLOBAL__N_19SideTable9table_bufE+0 in /usr/lib/libobjc.A.dylib at 0x00007fff89e9d000
R14=0x00007fff71979aa8: _ZN12_GLOBAL__N_19SideTable9table_bufE+0x1c28 in /usr/lib/libobjc.A.dylib at 0x00007fff89e9d000
R15=0x00007f9c816cf0a0 is an unknown value


Stack: [0x00007fff5bbae000,0x00007fff5c3ae000],  sp=0x00007fff5c3a7908,  free space=8166k
Native frames: (J=compiled Java code, j=interpreted, Vv=VM code, C=native code)
C  [libobjc.A.dylib+0x122ea]  _objc_trap()+0x0
C  [libobjc.A.dylib+0x9c87]  class_getMethodImplementation+0x0
C  [libobjc.A.dylib+0x9ac7]  objc_storeWeak+0xe9
C  [Foundation+0x1613c]  -[NSConcreteMapTable setObject:forKey:]+0x6e
C  [AppKit+0x31df3e]  -[NSView(NSOpenGLContextAssociation) _setOpenGLContext:]+0xf2
C  [AppKit+0x31db54]  -[NSOpenGLContext setView:]+0x5b
C  [liblwjgl.dylib+0xa586]  -[MacOSXOpenGLView lockFocus]+0x76
C  [AppKit+0xe1f45]  -[NSView _recursiveDisplayRectIfNeededIgnoringOpacity:isVisibleRect:rectIsVisibleRectForView:topView:]+0x740
C  [AppKit+0xe2fa0]  -[NSView _recursiveDisplayRectIfNeededIgnoringOpacity:isVisibleRect:rectIsVisibleRectForView:topView:]+0x179b
C  [AppKit+0xe12f3]  -[NSThemeFrame _recursiveDisplayRectIfNeededIgnoringOpacity:isVisibleRect:rectIsVisibleRectForView:topView:]+0x14d
C  [AppKit+0xdd68b]  -[NSView _displayRectIgnoringOpacity:isVisibleRect:rectIsVisibleRectForView:]+0xac9
C  [AppKit+0x951ae]  -[NSView displayIfNeeded]+0x754
C  [AppKit+0x94a09]  -[NSWindow displayIfNeeded]+0xec
C  [AppKit+0x94672]  _handleWindowNeedsDisplayOrLayoutOrUpdateConstraints+0x3a8
C  [Foundation+0x4b953]  __NSFireTimer+0x5f
C  [CoreFoundation+0xb72e4]  __CFRUNLOOP_IS_CALLING_OUT_TO_A_TIMER_CALLBACK_FUNCTION__+0x14
C  [CoreFoundation+0xb6f73]  __CFRunLoopDoTimer+0x423
C  [CoreFoundation+0x12a53d]  __CFRunLoopDoTimers+0x12d
C  [CoreFoundation+0x72608]  __CFRunLoopRun+0x7e8
C  [CoreFoundation+0x71bd8]  CFRunLoopRunSpecific+0x128
C  [HIToolbox+0x3256f]  RunCurrentEventLoopInMode+0xeb
C  [HIToolbox+0x322ea]  ReceiveNextEventCommon+0x1af
C  [HIToolbox+0x3212b]  _BlockUntilNextEventMatchingListInModeWithFilter+0x47
C  [AppKit+0x918ab]  _DPSNextEvent+0x3d2
C  [AppKit+0x90e58]  -[NSApplication nextEventMatchingMask:untilDate:inMode:dequeue:]+0x15a
C  [libosxapp.dylib+0x242a]  -[NSApplicationAWT nextEventMatchingMask:untilDate:inMode:dequeue:]+0x7c
C  [AppKit+0x86af3]  -[NSApplication run]+0x252
C  [libosxapp.dylib+0x223e]  +[NSApplicationAWT runAWTLoopWithApp:]+0x9c
C  [libawt_lwawt.dylib+0x4463b]  -[AWTStarter starter:]+0x389
C  [Foundation+0x92d00]  __NSThreadPerformPerform+0x125
C  [CoreFoundation+0x80a01]  __CFRUNLOOP_IS_CALLING_OUT_TO_A_SOURCE0_PERFORM_FUNCTION__+0x11
C  [CoreFoundation+0x72b8d]  __CFRunLoopDoSources0+0x10d
C  [CoreFoundation+0x721bf]  __CFRunLoopRun+0x39f
C  [CoreFoundation+0x71bd8]  CFRunLoopRunSpecific+0x128
C  [java+0x6490]  CreateExecutionEnvironment+0x367
C  [java+0x221c]  JLI_Launch+0x7a0
C  [java+0x84ed]  main+0x65
C  [java+0x1a74]  start+0x34
C  0x0000000000000006


---------------  P R O C E S S  ---------------

Java Threads: ( => current thread )
  0x00007f9c828f7000 JavaThread "AWT-Shutdown" [_thread_blocked, id=28179, stack(0x000000011ee02000,0x000000011ef02000)]
=>0x00007f9c82027000 JavaThread "AppKit Thread" daemon [_thread_in_native, id=1811, stack(0x00007fff5bbae000,0x00007fff5c3ae000)]
  0x00007f9c8286e000 JavaThread "Service Thread" daemon [_thread_blocked, id=18179, stack(0x000000011cfd2000,0x000000011d0d2000)]
  0x00007f9c81813000 JavaThread "C1 CompilerThread2" daemon [_thread_blocked, id=17667, stack(0x000000011cecf000,0x000000011cfcf000)]
  0x00007f9c81812000 JavaThread "C2 CompilerThread1" daemon [_thread_blocked, id=17155, stack(0x000000011cdcc000,0x000000011cecc000)]
  0x00007f9c82874000 JavaThread "C2 CompilerThread0" daemon [_thread_blocked, id=16643, stack(0x000000011ccc9000,0x000000011cdc9000)]
  0x00007f9c82873000 JavaThread "Signal Dispatcher" daemon [_thread_blocked, id=13331, stack(0x000000011cbc6000,0x000000011ccc6000)]
  0x00007f9c82004800 JavaThread "Finalizer" daemon [_thread_blocked, id=11523, stack(0x000000011b1b9000,0x000000011b2b9000)]
  0x00007f9c82001000 JavaThread "Reference Handler" daemon [_thread_blocked, id=11011, stack(0x000000011b0b6000,0x000000011b1b6000)]
  0x00007f9c8280a800 JavaThread "main" [_thread_in_native, id=4867, stack(0x000000010516a000,0x000000010526a000)]

Other Threads:
  0x00007f9c82866000 VMThread [stack: 0x000000011afb3000,0x000000011b0b3000] [id=10499]
  0x00007f9c82877000 WatcherThread [stack: 0x000000011d0d5000,0x000000011d1d5000] [id=18691]

VM state:not at safepoint (normal execution)

VM Mutex/Monitor currently owned by a thread: None

Heap:
 PSYoungGen      total 38400K, used 8679K [0x0000000795580000, 0x0000000798000000, 0x00000007c0000000)
  eden space 33280K, 26% used [0x0000000795580000,0x0000000795df9ef8,0x0000000797600000)
  from space 5120K, 0% used [0x0000000797b00000,0x0000000797b00000,0x0000000798000000)
  to   space 5120K, 0% used [0x0000000797600000,0x0000000797600000,0x0000000797b00000)
 ParOldGen       total 87552K, used 0K [0x0000000740000000, 0x0000000745580000, 0x0000000795580000)
  object space 87552K, 0% used [0x0000000740000000,0x0000000740000000,0x0000000745580000)
 Metaspace       used 5990K, capacity 6175K, committed 6400K, reserved 1056768K
  class space    used 599K, capacity 662K, committed 768K, reserved 1048576K

Card table byte_map: [0x000000011462c000,0x0000000114a2d000] byte_map_base: 0x0000000110c2c000

Marking Bits: (ParMarkBitMap*) 0x0000000104ac27a0
 Begin Bits: [0x00000001150e4000, 0x00000001170e4000)
 End Bits:   [0x00000001170e4000, 0x00000001190e4000)

Polling page: 0x00000001039ab000

CodeCache: size=245760Kb used=2053Kb max_used=2053Kb free=243706Kb
 bounds [0x000000010526c000, 0x00000001054dc000, 0x000000011426c000]
 total_blobs=854 nmethods=482 adapters=286
 compilation: enabled

Compilation events (10 events):
Event: 2.569 Thread 0x00007f9c81813000  479       1       com.C_Elegans.heptagon.render.RawModel::getVaoID (5 bytes)
Event: 2.569 Thread 0x00007f9c81813000 nmethod 479 0x000000010546c6d0 code [0x000000010546c820, 0x000000010546c930]
Event: 2.569 Thread 0x00007f9c81813000  481       3       org.lwjgl.opengl.GL20::glUseProgram (19 bytes)
Event: 2.569 Thread 0x00007f9c81813000 nmethod 481 0x000000010546c990 code [0x000000010546cb80, 0x000000010546d258]
Event: 2.569 Thread 0x00007f9c81813000  480       1       com.C_Elegans.heptagon.render.RawModel::getVertexCount (5 bytes)
Event: 2.569 Thread 0x00007f9c81813000 nmethod 480 0x000000010546d650 code [0x000000010546d7a0, 0x000000010546d8b0]
Event: 2.695 Thread 0x00007f9c81813000  482       3       java.nio.Buffer::nextPutIndex (38 bytes)
Event: 2.695 Thread 0x00007f9c81813000 nmethod 482 0x000000010546d910 code [0x000000010546da80, 0x000000010546dca8]
Event: 2.729 Thread 0x00007f9c81813000  483       1       java.nio.HeapByteBuffer::_put (8 bytes)
Event: 2.729 Thread 0x00007f9c81813000 nmethod 483 0x000000010546dd90 code [0x000000010546dee0, 0x000000010546e010]

GC Heap History (0 events):
No events

Deoptimization events (1 events):
Event: 0.265 Thread 0x00007f9c82027000 Uncommon trap: reason=unstable_if action=reinterpret pc=0x00000001053af440 method=java.lang.String.indexOf(II)I @ 49

Internal exceptions (10 events):
Event: 0.095 Thread 0x00007f9c8280a800 Exception <a 'java/security/PrivilegedActionException'> (0x00000007957b6550) thrown at [/Users/java_re/workspace/8-2-build-macosx-x86_64/jdk8u40/2855/hotspot/src/share/vm/prims/jvm.cpp, line 1382]
Event: 0.095 Thread 0x00007f9c8280a800 Exception <a 'java/security/PrivilegedActionException'> (0x00000007957b6708) thrown at [/Users/java_re/workspace/8-2-build-macosx-x86_64/jdk8u40/2855/hotspot/src/share/vm/prims/jvm.cpp, line 1382]
Event: 0.124 Thread 0x00007f9c8280a800 Exception <a 'java/security/PrivilegedActionException'> (0x0000000795887af8) thrown at [/Users/java_re/workspace/8-2-build-macosx-x86_64/jdk8u40/2855/hotspot/src/share/vm/prims/jvm.cpp, line 1382]
Event: 0.124 Thread 0x00007f9c8280a800 Exception <a 'java/security/PrivilegedActionException'> (0x0000000795887cb0) thrown at [/Users/java_re/workspace/8-2-build-macosx-x86_64/jdk8u40/2855/hotspot/src/share/vm/prims/jvm.cpp, line 1382]
Event: 0.124 Thread 0x00007f9c8280a800 Exception <a 'java/security/PrivilegedActionException'> (0x000000079588b030) thrown at [/Users/java_re/workspace/8-2-build-macosx-x86_64/jdk8u40/2855/hotspot/src/share/vm/prims/jvm.cpp, line 1382]
Event: 0.124 Thread 0x00007f9c8280a800 Exception <a 'java/security/PrivilegedActionException'> (0x000000079588b1e8) thrown at [/Users/java_re/workspace/8-2-build-macosx-x86_64/jdk8u40/2855/hotspot/src/share/vm/prims/jvm.cpp, line 1382]
Event: 0.246 Thread 0x00007f9c8280a800 Exception <a 'java/io/FileNotFoundException'> (0x00000007958902e0) thrown at [/Users/java_re/workspace/8-2-build-macosx-x86_64/jdk8u40/2855/hotspot/src/share/vm/prims/jni.cpp, line 709]
Event: 0.246 Thread 0x00007f9c8280a800 Exception <a 'java/io/FileNotFoundException'> (0x0000000795890e00) thrown at [/Users/java_re/workspace/8-2-build-macosx-x86_64/jdk8u40/2855/hotspot/src/share/vm/prims/jni.cpp, line 709]
Event: 0.296 Thread 0x00007f9c82027000 Exception <a 'java/lang/NoSuchFieldError': method resolution failed> (0x0000000795a3d358) thrown at [/Users/java_re/workspace/8-2-build-macosx-x86_64/jdk8u40/2855/hotspot/src/share/vm/prims/methodHandles.cpp, line 1125]
Event: 0.298 Thread 0x00007f9c82027000 Exception <a 'java/lang/NoSuchFieldError': method resolution failed> (0x0000000795a4b9f8) thrown at [/Users/java_re/workspace/8-2-build-macosx-x86_64/jdk8u40/2855/hotspot/src/share/vm/prims/methodHandles.cpp, line 1125]

Events (10 events):
Event: 0.447 loading class org/lwjgl/opengl/GLChecks
Event: 0.447 loading class org/lwjgl/opengl/GLChecks done
Event: 0.448 loading class com/C_Elegans/heptagon/render/RawModel
Event: 0.448 loading class com/C_Elegans/heptagon/render/RawModel done
Event: 0.448 loading class org/lwjgl/opengl/Sync
Event: 0.448 loading class org/lwjgl/opengl/Sync done
Event: 0.449 loading class org/lwjgl/opengl/Sync$RunningAvg
Event: 0.449 loading class org/lwjgl/opengl/Sync$RunningAvg done
Event: 2.015 Thread 0x00007f9c8280a800 DEOPT PACKING pc=0x0000000105462dd3 sp=0x00000001052696e0
Event: 2.015 Thread 0x00007f9c8280a800 DEOPT UNPACKING pc=0x00000001052b3633 sp=0x0000000105269510 mode 0


Dynamic libraries:
0x0000000000130000 	/System/Library/Frameworks/Cocoa.framework/Versions/A/Cocoa
0x0000000000130000 	/System/Library/Frameworks/Security.framework/Versions/A/Security
0x0000000000130000 	/System/Library/Frameworks/ApplicationServices.framework/Versions/A/ApplicationServices
0x0000000000130000 	/usr/lib/libz.1.dylib
0x0000000000130000 	/usr/lib/libSystem.B.dylib
0x0000000000130000 	/usr/lib/libobjc.A.dylib
0x0000000000130000 	/System/Library/Frameworks/CoreFoundation.framework/Versions/A/CoreFoundation
0x0000000000130000 	/System/Library/Frameworks/Foundation.framework/Versions/C/Foundation
0x0000000000130000 	/System/Library/Frameworks/AppKit.framework/Versions/C/AppKit
0x0000000000130000 	/System/Library/Frameworks/CoreData.framework/Versions/A/CoreData
0x0000000000130000 	/System/Library/PrivateFrameworks/RemoteViewServices.framework/Versions/A/RemoteViewServices
0x0000000000130000 	/System/Library/PrivateFrameworks/UIFoundation.framework/Versions/A/UIFoundation
0x0000000000130000 	/System/Library/Frameworks/IOSurface.framework/Versions/A/IOSurface
0x0000000000130000 	/System/Library/Frameworks/AudioToolbox.framework/Versions/A/AudioToolbox
0x0000000000130000 	/System/Library/Frameworks/AudioUnit.framework/Versions/A/AudioUnit
0x0000000000130000 	/System/Library/PrivateFrameworks/DataDetectorsCore.framework/Versions/A/DataDetectorsCore
0x0000000000130000 	/System/Library/PrivateFrameworks/DesktopServicesPriv.framework/Versions/A/DesktopServicesPriv
0x0000000000130000 	/System/Library/Frameworks/Carbon.framework/Versions/A/Frameworks/HIToolbox.framework/Versions/A/HIToolbox
0x0000000000130000 	/System/Library/Frameworks/QuartzCore.framework/Versions/A/QuartzCore
0x0000000000130000 	/System/Library/Frameworks/Carbon.framework/Versions/A/Frameworks/SpeechRecognition.framework/Versions/A/SpeechRecognition
0x0000000000130000 	/usr/lib/libauto.dylib
0x0000000000130000 	/usr/lib/libicucore.A.dylib
0x0000000000130000 	/usr/lib/libxml2.2.dylib
0x0000000000130000 	/System/Library/PrivateFrameworks/CoreUI.framework/Versions/A/CoreUI
0x0000000000130000 	/System/Library/Frameworks/CoreAudio.framework/Versions/A/CoreAudio
0x0000000000130000 	/System/Library/Frameworks/DiskArbitration.framework/Versions/A/DiskArbitration
0x0000000000130000 	/usr/lib/liblangid.dylib
0x0000000000130000 	/System/Library/PrivateFrameworks/MultitouchSupport.framework/Versions/A/MultitouchSupport
0x0000000000130000 	/System/Library/Frameworks/IOKit.framework/Versions/A/IOKit
0x0000000000130000 	/usr/lib/libDiagnosticMessagesClient.dylib
0x0000000000130000 	/System/Library/Frameworks/CoreServices.framework/Versions/A/CoreServices
0x0000000000130000 	/System/Library/PrivateFrameworks/PerformanceAnalysis.framework/Versions/A/PerformanceAnalysis
0x0000000000130000 	/System/Library/PrivateFrameworks/GenerationalStorage.framework/Versions/A/GenerationalStorage
0x0000000000130000 	/System/Library/Frameworks/OpenGL.framework/Versions/A/OpenGL
0x0000000000130000 	/System/Library/PrivateFrameworks/Sharing.framework/Versions/A/Sharing
0x0000000000130000 	/System/Library/Frameworks/CoreGraphics.framework/Versions/A/CoreGraphics
0x0000000000130000 	/System/Library/Frameworks/CoreText.framework/Versions/A/CoreText
0x0000000000130000 	/System/Library/Frameworks/ImageIO.framework/Versions/A/ImageIO
0x0000000000130000 	/usr/lib/libextension.dylib
0x0000000000130000 	/System/Library/PrivateFrameworks/Backup.framework/Versions/A/Backup
0x0000000000130000 	/usr/lib/libarchive.2.dylib
0x0000000000130000 	/System/Library/Frameworks/CFNetwork.framework/Versions/A/CFNetwork
0x0000000000130000 	/System/Library/Frameworks/SystemConfiguration.framework/Versions/A/SystemConfiguration
0x0000000000130000 	/usr/lib/libCRFSuite.dylib
0x0000000000130000 	/usr/lib/libc++.1.dylib
0x0000000000130000 	/usr/lib/libc++abi.dylib
0x0000000000130000 	/usr/lib/system/libcache.dylib
0x0000000000130000 	/usr/lib/system/libcommonCrypto.dylib
0x0000000000130000 	/usr/lib/system/libcompiler_rt.dylib
0x0000000000130000 	/usr/lib/system/libcopyfile.dylib
0x0000000000130000 	/usr/lib/system/libcorecrypto.dylib
0x0000000000130000 	/usr/lib/system/libdispatch.dylib
0x0000000000130000 	/usr/lib/system/libdyld.dylib
0x0000000000130000 	/usr/lib/system/libkeymgr.dylib
0x0000000000130000 	/usr/lib/system/liblaunch.dylib
0x0000000000130000 	/usr/lib/system/libmacho.dylib
0x0000000000130000 	/usr/lib/system/libquarantine.dylib
0x0000000000130000 	/usr/lib/system/libremovefile.dylib
0x0000000000130000 	/usr/lib/system/libsystem_asl.dylib
0x0000000000130000 	/usr/lib/system/libsystem_blocks.dylib
0x0000000000130000 	/usr/lib/system/libsystem_c.dylib
0x0000000000130000 	/usr/lib/system/libsystem_configuration.dylib
0x0000000000130000 	/usr/lib/system/libsystem_coreservices.dylib
0x0000000000130000 	/usr/lib/system/libsystem_coretls.dylib
0x0000000000130000 	/usr/lib/system/libsystem_dnssd.dylib
0x0000000000130000 	/usr/lib/system/libsystem_info.dylib
0x0000000000130000 	/usr/lib/system/libsystem_kernel.dylib
0x0000000000130000 	/usr/lib/system/libsystem_m.dylib
0x0000000000130000 	/usr/lib/system/libsystem_malloc.dylib
0x0000000000130000 	/usr/lib/system/libsystem_network.dylib
0x0000000000130000 	/usr/lib/system/libsystem_networkextension.dylib
0x0000000000130000 	/usr/lib/system/libsystem_notify.dylib
0x0000000000130000 	/usr/lib/system/libsystem_platform.dylib
0x0000000000130000 	/usr/lib/system/libsystem_pthread.dylib
0x0000000000130000 	/usr/lib/system/libsystem_sandbox.dylib
0x0000000000130000 	/usr/lib/system/libsystem_secinit.dylib
0x0000000000130000 	/usr/lib/system/libsystem_stats.dylib
0x0000000000130000 	/usr/lib/system/libsystem_trace.dylib
0x0000000000130000 	/usr/lib/system/libunc.dylib
0x0000000000130000 	/usr/lib/system/libunwind.dylib
0x0000000000130000 	/usr/lib/system/libxpc.dylib
0x0000000000130000 	/usr/lib/libbz2.1.0.dylib
0x0000000000130000 	/usr/lib/liblzma.5.dylib
0x0000000000130000 	/usr/lib/libbsm.0.dylib
0x0000000000130000 	/usr/lib/libsqlite3.dylib
0x0000000000130000 	/usr/lib/system/libkxld.dylib
0x0000000000130000 	/usr/lib/libxar.1.dylib
0x0000000000130000 	/usr/lib/libpam.2.dylib
0x0000000000130000 	/usr/lib/libOpenScriptingUtil.dylib
0x0000000000130000 	/System/Library/Frameworks/CoreServices.framework/Versions/A/Frameworks/FSEvents.framework/Versions/A/FSEvents
0x0000000000130000 	/System/Library/Frameworks/CoreServices.framework/Versions/A/Frameworks/CarbonCore.framework/Versions/A/CarbonCore
0x0000000000130000 	/System/Library/Frameworks/CoreServices.framework/Versions/A/Frameworks/Metadata.framework/Versions/A/Metadata
0x0000000000130000 	/System/Library/Frameworks/CoreServices.framework/Versions/A/Frameworks/OSServices.framework/Versions/A/OSServices
0x0000000000130000 	/System/Library/Frameworks/CoreServices.framework/Versions/A/Frameworks/SearchKit.framework/Versions/A/SearchKit
0x0000000000130000 	/System/Library/Frameworks/CoreServices.framework/Versions/A/Frameworks/AE.framework/Versions/A/AE
0x0000000000130000 	/System/Library/Frameworks/CoreServices.framework/Versions/A/Frameworks/LaunchServices.framework/Versions/A/LaunchServices
0x0000000000130000 	/System/Library/Frameworks/CoreServices.framework/Versions/A/Frameworks/DictionaryServices.framework/Versions/A/DictionaryServices
0x0000000000130000 	/System/Library/Frameworks/NetFS.framework/Versions/A/NetFS
0x0000000000130000 	/System/Library/PrivateFrameworks/NetAuth.framework/Versions/A/NetAuth
0x0000000000130000 	/System/Library/PrivateFrameworks/login.framework/Versions/A/Frameworks/loginsupport.framework/Versions/A/loginsupport
0x0000000000130000 	/System/Library/PrivateFrameworks/TCC.framework/Versions/A/TCC
0x0000000000130000 	/usr/lib/libmecabra.dylib
0x0000000000130000 	/System/Library/Frameworks/ApplicationServices.framework/Versions/A/Frameworks/ATS.framework/Versions/A/ATS
0x0000000000130000 	/System/Library/Frameworks/ApplicationServices.framework/Versions/A/Frameworks/ColorSync.framework/Versions/A/ColorSync
0x0000000000130000 	/System/Library/Frameworks/ApplicationServices.framework/Versions/A/Frameworks/HIServices.framework/Versions/A/HIServices
0x0000000000130000 	/System/Library/Frameworks/ApplicationServices.framework/Versions/A/Frameworks/LangAnalysis.framework/Versions/A/LangAnalysis
0x0000000000130000 	/System/Library/Frameworks/ApplicationServices.framework/Versions/A/Frameworks/PrintCore.framework/Versions/A/PrintCore
0x0000000000130000 	/System/Library/Frameworks/ApplicationServices.framework/Versions/A/Frameworks/QD.framework/Versions/A/QD
0x0000000000130000 	/System/Library/Frameworks/ApplicationServices.framework/Versions/A/Frameworks/SpeechSynthesis.framework/Versions/A/SpeechSynthesis
0x0000000000130000 	/System/Library/Frameworks/Accelerate.framework/Versions/A/Accelerate
0x0000000000130000 	/System/Library/Frameworks/Accelerate.framework/Versions/A/Frameworks/vImage.framework/Versions/A/vImage
0x0000000000130000 	/System/Library/Frameworks/Accelerate.framework/Versions/A/Frameworks/vecLib.framework/Versions/A/vecLib
0x0000000000130000 	/System/Library/Frameworks/Accelerate.framework/Versions/A/Frameworks/vecLib.framework/Versions/A/libvDSP.dylib
0x0000000000130000 	/System/Library/Frameworks/Accelerate.framework/Versions/A/Frameworks/vecLib.framework/Versions/A/libvMisc.dylib
0x0000000000130000 	/System/Library/Frameworks/Accelerate.framework/Versions/A/Frameworks/vecLib.framework/Versions/A/libLAPACK.dylib
0x0000000000130000 	/System/Library/Frameworks/Accelerate.framework/Versions/A/Frameworks/vecLib.framework/Versions/A/libBLAS.dylib
0x0000000000130000 	/System/Library/Frameworks/Accelerate.framework/Versions/A/Frameworks/vecLib.framework/Versions/A/libLinearAlgebra.dylib
0x0000000000130000 	/System/Library/Frameworks/ApplicationServices.framework/Versions/A/Frameworks/ATS.framework/Versions/A/Resources/libFontParser.dylib
0x0000000000130000 	/System/Library/Frameworks/ApplicationServices.framework/Versions/A/Frameworks/ATS.framework/Versions/A/Resources/libFontRegistry.dylib
0x0000000000130000 	/System/Library/PrivateFrameworks/AppleVPA.framework/Versions/A/AppleVPA
0x0000000000130000 	/System/Library/PrivateFrameworks/AppleJPEG.framework/Versions/A/AppleJPEG
0x0000000000130000 	/System/Library/Frameworks/ImageIO.framework/Versions/A/Resources/libJPEG.dylib
0x0000000000130000 	/System/Library/Frameworks/ImageIO.framework/Versions/A/Resources/libTIFF.dylib
0x0000000000130000 	/System/Library/Frameworks/ImageIO.framework/Versions/A/Resources/libPng.dylib
0x0000000000130000 	/System/Library/Frameworks/ImageIO.framework/Versions/A/Resources/libGIF.dylib
0x0000000000130000 	/System/Library/Frameworks/ImageIO.framework/Versions/A/Resources/libJP2.dylib
0x0000000000130000 	/System/Library/Frameworks/ImageIO.framework/Versions/A/Resources/libRadiance.dylib
0x0000000000130000 	/System/Library/Frameworks/CoreVideo.framework/Versions/A/CoreVideo
0x0000000000130000 	/System/Library/Frameworks/OpenGL.framework/Versions/A/Libraries/libGLU.dylib
0x0000000000130000 	/System/Library/Frameworks/OpenGL.framework/Versions/A/Libraries/libGFXShared.dylib
0x0000000000130000 	/System/Library/Frameworks/OpenGL.framework/Versions/A/Libraries/libGL.dylib
0x0000000000130000 	/System/Library/Frameworks/OpenGL.framework/Versions/A/Libraries/libGLImage.dylib
0x0000000000130000 	/System/Library/Frameworks/OpenGL.framework/Versions/A/Libraries/libCVMSPluginSupport.dylib
0x0000000000130000 	/System/Library/Frameworks/OpenGL.framework/Versions/A/Libraries/libCoreVMClient.dylib
0x0000000000130000 	/usr/lib/libcups.2.dylib
0x0000000000130000 	/System/Library/Frameworks/Kerberos.framework/Versions/A/Kerberos
0x0000000000130000 	/System/Library/Frameworks/GSS.framework/Versions/A/GSS
0x0000000000130000 	/usr/lib/libresolv.9.dylib
0x0000000000130000 	/usr/lib/libiconv.2.dylib
0x0000000000130000 	/System/Library/PrivateFrameworks/Heimdal.framework/Versions/A/Heimdal
0x0000000000130000 	/usr/lib/libheimdal-asn1.dylib
0x0000000000130000 	/System/Library/Frameworks/OpenDirectory.framework/Versions/A/OpenDirectory
0x0000000000130000 	/System/Library/PrivateFrameworks/CommonAuth.framework/Versions/A/CommonAuth
0x0000000000130000 	/System/Library/Frameworks/OpenDirectory.framework/Versions/A/Frameworks/CFOpenDirectory.framework/Versions/A/CFOpenDirectory
0x0000000000130000 	/System/Library/Frameworks/SecurityFoundation.framework/Versions/A/SecurityFoundation
0x0000000000130000 	/System/Library/PrivateFrameworks/LanguageModeling.framework/Versions/A/LanguageModeling
0x0000000000130000 	/usr/lib/libcmph.dylib
0x0000000000130000 	/System/Library/Frameworks/ServiceManagement.framework/Versions/A/ServiceManagement
0x0000000000130000 	/usr/lib/libxslt.1.dylib
0x0000000000130000 	/System/Library/Frameworks/Carbon.framework/Versions/A/Frameworks/Ink.framework/Versions/A/Ink
0x0000000000130000 	/System/Library/Frameworks/QuartzCore.framework/Versions/A/Frameworks/CoreImage.framework/Versions/A/CoreImage
0x0000000000130000 	/System/Library/PrivateFrameworks/CrashReporterSupport.framework/Versions/A/CrashReporterSupport
0x0000000000130000 	/System/Library/Frameworks/OpenCL.framework/Versions/A/OpenCL
0x0000000000130000 	/System/Library/PrivateFrameworks/FaceCore.framework/Versions/A/FaceCore
0x0000000000130000 	/System/Library/PrivateFrameworks/Ubiquity.framework/Versions/A/Ubiquity
0x0000000000130000 	/System/Library/PrivateFrameworks/IconServices.framework/Versions/A/IconServices
0x0000000000130000 	/System/Library/PrivateFrameworks/ChunkingLibrary.framework/Versions/A/ChunkingLibrary
0x0000000000130000 	/System/Library/PrivateFrameworks/Apple80211.framework/Versions/A/Apple80211
0x0000000000130000 	/System/Library/Frameworks/CoreWLAN.framework/Versions/A/CoreWLAN
0x0000000000130000 	/System/Library/Frameworks/IOBluetooth.framework/Versions/A/IOBluetooth
0x0000000000130000 	/System/Library/PrivateFrameworks/CoreWiFi.framework/Versions/A/CoreWiFi
0x0000000000130000 	/System/Library/Frameworks/CoreBluetooth.framework/Versions/A/CoreBluetooth
0x0000000000130000 	/System/Library/PrivateFrameworks/DebugSymbols.framework/Versions/A/DebugSymbols
0x0000000000130000 	/System/Library/PrivateFrameworks/CoreSymbolication.framework/Versions/A/CoreSymbolication
0x0000000000130000 	/System/Library/PrivateFrameworks/Symbolication.framework/Versions/A/Symbolication
0x0000000000130000 	/System/Library/PrivateFrameworks/SpeechRecognitionCore.framework/Versions/A/SpeechRecognitionCore
0x0000000104200000 	/Library/Java/JavaVirtualMachines/jdk1.8.0_40.jdk/Contents/Home/jre/lib/server/libjvm.dylib
0x0000000000130000 	/usr/lib/libstdc++.6.dylib
0x0000000103968000 	/Library/Java/JavaVirtualMachines/jdk1.8.0_40.jdk/Contents/Home/jre/lib/libverify.dylib
0x0000000103976000 	/Library/Java/JavaVirtualMachines/jdk1.8.0_40.jdk/Contents/Home/jre/lib/libjava.dylib
0x00000001039b5000 	/Library/Java/JavaVirtualMachines/jdk1.8.0_40.jdk/Contents/Home/jre/lib/libzip.dylib
0x00000001039e7000 	/System/Library/Frameworks/JavaVM.framework/Frameworks/JavaRuntimeSupport.framework/JavaRuntimeSupport
0x000000011b2bb000 	/System/Library/Frameworks/JavaVM.framework/Versions/A/Frameworks/JavaNativeFoundation.framework/Versions/A/JavaNativeFoundation
0x000000011b2d0000 	/System/Library/Frameworks/JavaVM.framework/Versions/A/JavaVM
0x0000000000130000 	/System/Library/Frameworks/Carbon.framework/Versions/A/Carbon
0x000000011b2dd000 	/System/Library/PrivateFrameworks/JavaLaunching.framework/Versions/A/JavaLaunching
0x0000000000130000 	/System/Library/Frameworks/Carbon.framework/Versions/A/Frameworks/CommonPanels.framework/Versions/A/CommonPanels
0x0000000000130000 	/System/Library/Frameworks/Carbon.framework/Versions/A/Frameworks/Help.framework/Versions/A/Help
0x0000000000130000 	/System/Library/Frameworks/Carbon.framework/Versions/A/Frameworks/ImageCapture.framework/Versions/A/ImageCapture
0x0000000000130000 	/System/Library/Frameworks/Carbon.framework/Versions/A/Frameworks/OpenScripting.framework/Versions/A/OpenScripting
0x0000000000130000 	/System/Library/Frameworks/Carbon.framework/Versions/A/Frameworks/Print.framework/Versions/A/Print
0x0000000000130000 	/System/Library/Frameworks/Carbon.framework/Versions/A/Frameworks/SecurityHI.framework/Versions/A/SecurityHI
0x000000011d225000 	/Library/Java/JavaVirtualMachines/jdk1.8.0_40.jdk/Contents/Home/jre/lib/libawt.dylib
0x000000011d2cd000 	/Library/Java/JavaVirtualMachines/jdk1.8.0_40.jdk/Contents/Home/jre/lib/./libmlib_image.dylib
0x000000011d399000 	/Library/Java/JavaVirtualMachines/jdk1.8.0_40.jdk/Contents/Home/jre/lib/libawt_lwawt.dylib
0x000000011d44d000 	/Library/Java/JavaVirtualMachines/jdk1.8.0_40.jdk/Contents/Home/jre/lib/./libosxapp.dylib
0x0000000000130000 	/System/Library/Frameworks/ExceptionHandling.framework/Versions/A/ExceptionHandling
0x0000000000130000 	/System/Library/PrivateFrameworks/CoreServicesInternal.framework/Versions/A/CoreServicesInternal
0x0000000000130000 	/System/Library/PrivateFrameworks/CloudDocs.framework/Versions/A/CloudDocs
0x0000000000130000 	/System/Library/PrivateFrameworks/CoreDuet.framework/Versions/A/CoreDuet
0x0000000000130000 	/System/Library/Frameworks/CloudKit.framework/Versions/A/CloudKit
0x0000000000130000 	/System/Library/PrivateFrameworks/ProtocolBuffer.framework/Versions/A/ProtocolBuffer
0x0000000000130000 	/System/Library/PrivateFrameworks/CoreDuetDaemonProtocol.framework/Versions/A/CoreDuetDaemonProtocol
0x0000000000130000 	/System/Library/PrivateFrameworks/CoreDuetDebugLogging.framework/Versions/A/CoreDuetDebugLogging
0x0000000000130000 	/System/Library/PrivateFrameworks/MMCS.framework/Versions/A/MMCS
0x0000000000130000 	/System/Library/Frameworks/CoreLocation.framework/Versions/A/CoreLocation
0x0000000000130000 	/System/Library/PrivateFrameworks/ProtectedCloudStorage.framework/Versions/A/ProtectedCloudStorage
0x0000000000130000 	/System/Library/PrivateFrameworks/GeoServices.framework/Versions/A/GeoServices
0x000000011edf2000 	/System/Library/Frameworks/CoreGraphics.framework/Versions/A/Resources/libCGCMS.A.dylib
0x000000011f8d5000 	/System/Library/Frameworks/CoreGraphics.framework/Versions/A/Resources/libRIP.A.dylib
0x0000000000130000 	/System/Library/CoreServices/RawCamera.bundle/Contents/MacOS/RawCamera
0x000000011fb4d000 	/System/Library/Frameworks/CoreGraphics.framework/Versions/A/Resources/libCGXType.A.dylib
0x0000000000130000 	/System/Library/Frameworks/OpenCL.framework/Versions/A/Libraries/libcldcpuengine.dylib
0x0000000000130000 	/System/Library/PrivateFrameworks/DiskImages.framework/Versions/A/DiskImages
0x0000000000130000 	/System/Library/Frameworks/DiscRecording.framework/Versions/A/DiscRecording
0x0000000000130000 	/usr/lib/libcsfde.dylib
0x0000000000130000 	/usr/lib/libcurl.4.dylib
0x0000000000130000 	/System/Library/PrivateFrameworks/MediaKit.framework/Versions/A/MediaKit
0x0000000000130000 	/usr/lib/libCoreStorage.dylib
0x0000000000130000 	/System/Library/PrivateFrameworks/EFILogin.framework/Versions/A/EFILogin
0x0000000000130000 	/usr/lib/libutil.dylib
0x0000000000130000 	/System/Library/PrivateFrameworks/FindMyDevice.framework/Versions/A/FindMyDevice
0x0000000000130000 	/System/Library/Frameworks/LDAP.framework/Versions/A/LDAP
0x0000000000130000 	/usr/lib/libsasl2.2.dylib
0x0000000000130000 	/System/Library/PrivateFrameworks/CoreDaemon.framework/Versions/B/CoreDaemon
0x0000000000130000 	/usr/lib/libcrypto.0.9.8.dylib
0x0000000000130000 	/System/Library/PrivateFrameworks/AppleSRP.framework/Versions/A/AppleSRP
0x0000000000130000 	/System/Library/PrivateFrameworks/TrustEvaluationAgent.framework/Versions/A/TrustEvaluationAgent
0x00000001205be000 	cl_kernels
0x00000001205c0000 	/System/Library/Frameworks/OpenCL.framework/Versions/A/Libraries/ImageFormats/unorm8_bgra.dylib
0x00000001205af000 	cl_kernels
0x0000000000130000 	/System/Library/PrivateFrameworks/FamilyControls.framework/Versions/A/FamilyControls
0x0000000000130000 	/System/Library/PrivateFrameworks/CommerceKit.framework/Versions/A/Frameworks/CommerceCore.framework/Versions/A/CommerceCore
0x0000000000130000 	/System/Library/PrivateFrameworks/SystemAdministration.framework/Versions/A/SystemAdministration
0x0000000000130000 	/System/Library/PrivateFrameworks/AppContainer.framework/Versions/A/AppContainer
0x0000000000130000 	/System/Library/PrivateFrameworks/SecCodeWrapper.framework/Versions/A/SecCodeWrapper
0x0000000000130000 	/System/Library/Frameworks/DirectoryService.framework/Versions/A/DirectoryService
0x0000000000130000 	/System/Library/PrivateFrameworks/LoginUIKit.framework/Versions/A/Frameworks/LoginUICore.framework/Versions/A/LoginUICore
0x0000000000130000 	/usr/lib/libodfde.dylib
0x0000000121783000 	/Library/Java/JavaVirtualMachines/jdk1.8.0_40.jdk/Contents/Home/jre/lib/libfontmanager.dylib
0x00000001217ea000 	/Users/mnolan/programming/Java/ExtraordinaryHeptagon/ExtraordinaryHeptagon/lib/natives/liblwjgl.dylib
0x000000011fae6000 	/Library/Java/JavaVirtualMachines/jdk1.8.0_40.jdk/Contents/Home/jre/lib/libjawt.dylib
0x00000001218ef000 	/System/Library/Frameworks/OpenGL.framework/Resources/GLEngine.bundle/GLEngine
0x0000000000130000 	/System/Library/Frameworks/OpenGL.framework/Versions/A/Libraries/libGLProgrammability.dylib
0x0000000000000000 	/System/Library/Extensions/AppleIntelHD4000GraphicsGLDriver.bundle/Contents/MacOS/AppleIntelHD4000GraphicsGLDriver
0x0000000000130000 	/System/Library/PrivateFrameworks/IOAccelerator.framework/Versions/A/IOAccelerator
0x0000000000130000 	/System/Library/PrivateFrameworks/GPUSupport.framework/Versions/A/Libraries/libGPUSupportMercury.dylib
0x0000000121ada000 	/System/Library/Frameworks/OpenGL.framework/Resources//GLRendererFloat.bundle/GLRendererFloat

VM Arguments:
jvm_args: -Djava.library.path=/Users/mnolan/programming/Java/ExtraordinaryHeptagon/ExtraordinaryHeptagon/lib/natives -Dfile.encoding=UTF-8 
java_command: com.C_Elegans.heptagon.ExtraordinaryHexagon
java_class_path (initial): /Users/mnolan/programming/Java/ExtraordinaryHeptagon/ExtraordinaryHeptagon/bin:/Users/mnolan/programming/Java/ExtraordinaryHeptagon/ExtraordinaryHeptagon/lib/jars/lwjgl_util.jar:/Users/mnolan/programming/Java/ExtraordinaryHeptagon/ExtraordinaryHeptagon/lib/jars/lwjgl.jar:/Users/mnolan/programming/Java/ExtraordinaryHeptagon/ExtraordinaryHeptagon/lib/jars/natives-mac.jar:/Users/mnolan/programming/Java/ExtraordinaryHeptagon/ExtraordinaryHeptagon/lib/jars/PNGDecoder.jar:/Users/mnolan/programming/Java/ExtraordinaryHeptagon/ExtraordinaryHeptagon/lib/jars/slick-util.jar
Launcher Type: SUN_STANDARD

Environment Variables:
PATH=/usr/bin:/bin:/usr/sbin:/sbin
SHELL=/bin/bash
DISPLAY=/private/tmp/com.apple.launchd.OFyZpg1BfM/org.macosforge.xquartz:0

Signal Handlers:
SIGSEGV: [libjvm.dylib+0x58ef95], sa_mask[0]=11111111011111110111111111111111, sa_flags=SA_ONSTACK|SA_RESTART|SA_SIGINFO
SIGBUS: [libjvm.dylib+0x58ef95], sa_mask[0]=11111111011111110111111111111111, sa_flags=SA_RESTART|SA_SIGINFO
SIGFPE: [libjvm.dylib+0x46c118], sa_mask[0]=11111111011111110111111111111111, sa_flags=SA_RESTART|SA_SIGINFO
SIGPIPE: [libjvm.dylib+0x46c118], sa_mask[0]=11111111011111110111111111111111, sa_flags=SA_RESTART|SA_SIGINFO
SIGXFSZ: [libjvm.dylib+0x46c118], sa_mask[0]=11111111011111110111111111111111, sa_flags=SA_RESTART|SA_SIGINFO
SIGILL: [libjvm.dylib+0x46c118], sa_mask[0]=11111111011111110111111111111111, sa_flags=SA_RESTART|SA_SIGINFO
SIGUSR1: SIG_DFL, sa_mask[0]=00000000000000000000000000000000, sa_flags=none
SIGUSR2: [libjvm.dylib+0x46bc36], sa_mask[0]=00100000000000000000000000000000, sa_flags=SA_RESTART|SA_SIGINFO
SIGHUP: [libjvm.dylib+0x46a209], sa_mask[0]=11111111011111110111111111111111, sa_flags=SA_RESTART|SA_SIGINFO
SIGINT: [libjvm.dylib+0x46a209], sa_mask[0]=11111111011111110111111111111111, sa_flags=SA_RESTART|SA_SIGINFO
SIGTERM: [libjvm.dylib+0x46a209], sa_mask[0]=11111111011111110111111111111111, sa_flags=SA_RESTART|SA_SIGINFO
SIGQUIT: [libjvm.dylib+0x46a209], sa_mask[0]=11111111011111110111111111111111, sa_flags=SA_RESTART|SA_SIGINFO


---------------  S Y S T E M  ---------------

OS:Bsduname:Darwin 14.4.0 Darwin Kernel Version 14.4.0: Thu May 28 11:35:04 PDT 2015; root:xnu-2782.30.5~1/RELEASE_X86_64 x86_64
rlimit: STACK 8192k, CORE 0k, NPROC 709, NOFILE 10240, AS infinity
load average:1.05 1.46 4.79

CPU:total 4 (2 cores per cpu, 2 threads per core) family 6 model 58 stepping 9, cmov, cx8, fxsr, mmx, sse, sse2, sse3, ssse3, sse4.1, sse4.2, popcnt, avx, aes, clmul, erms, ht, tsc, tscinvbit, tscinv

Memory: 4k page, physical 8388608k(567844k free)

/proc/meminfo:


vm_info: Java HotSpot(TM) 64-Bit Server VM (25.40-b25) for bsd-amd64 JRE (1.8.0_40-b25), built on Feb 10 2015 21:07:25 by "java_re" with gcc 4.2.1 (Based on Apple Inc. build 5658) (LLVM build 2336.11.00)

time: Wed Jul  8 15:48:29 2015
elapsed time: 3 seconds (0d 0h 0m 3s)

